The system is: Linux - 3.10.0-957.5.1.el7.x86_64 - x86_64
Compiling the CXX compiler identification source file "CMakeCXXCompilerId.cpp" succeeded.
Compiler: /home/kmoore/miniconda/envs/pacc-env-mini/bin/x86_64-conda_cos6-linux-gnu-c++ 
Build flags: -fvisibility-inlines-hidden;-std=c++17;-fmessage-length=0;-march=nocona;-mtune=haswell;-ftree-vectorize;-fPIC;-fstack-protector-strong;-fno-plt;-O2;-ffunction-sections;-pipe;-I/home/kmoore/miniconda/envs/pacc-env-mini/include
Id flags:  

The output was:
0


Compilation of the CXX compiler identification source "CMakeCXXCompilerId.cpp" produced "a.out"

The CXX compiler identification is GNU, found in "/lcrc/project/CMRP/pacc/VaReCoF/build/CMakeFiles/3.14.5/CompilerIdCXX/a.out"

Determining if the CXX compiler works passed with the following output:
Change Dir: /lcrc/project/CMRP/pacc/VaReCoF/build/CMakeFiles/CMakeTmp

Run Build Command(s):/usr/bin/gmake cmTC_f1f21/fast 
/usr/bin/gmake -f CMakeFiles/cmTC_f1f21.dir/build.make CMakeFiles/cmTC_f1f21.dir/build
gmake[1]: Entering directory `/lcrc/project/CMRP/pacc/VaReCoF/build/CMakeFiles/CMakeTmp'
Building CXX object CMakeFiles/cmTC_f1f21.dir/testCXXCompiler.cxx.o
/home/kmoore/miniconda/envs/pacc-env-mini/bin/x86_64-conda_cos6-linux-gnu-c++    -fvisibility-inlines-hidden -std=c++17 -fmessage-length=0 -march=nocona -mtune=haswell -ftree-vectorize -fPIC -fstack-protector-strong -fno-plt -O2 -ffunction-sections -pipe -I/home/kmoore/miniconda/envs/pacc-env-mini/include    -o CMakeFiles/cmTC_f1f21.dir/testCXXCompiler.cxx.o -c /lcrc/project/CMRP/pacc/VaReCoF/build/CMakeFiles/CMakeTmp/testCXXCompiler.cxx
Linking CXX executable cmTC_f1f21
/blues/gpfs/home/kmoore/miniconda/envs/pacc-env-mini/bin/cmake -E cmake_link_script CMakeFiles/cmTC_f1f21.dir/link.txt --verbose=1
/home/kmoore/miniconda/envs/pacc-env-mini/bin/x86_64-conda_cos6-linux-gnu-c++  -fvisibility-inlines-hidden -std=c++17 -fmessage-length=0 -march=nocona -mtune=haswell -ftree-vectorize -fPIC -fstack-protector-strong -fno-plt -O2 -ffunction-sections -pipe -I/home/kmoore/miniconda/envs/pacc-env-mini/include   -Wl,-O2 -Wl,--sort-common -Wl,--as-needed -Wl,-z,relro -Wl,-z,now -Wl,--disable-new-dtags -Wl,--gc-sections  -rdynamic CMakeFiles/cmTC_f1f21.dir/testCXXCompiler.cxx.o  -o cmTC_f1f21 
gmake[1]: Leaving directory `/lcrc/project/CMRP/pacc/VaReCoF/build/CMakeFiles/CMakeTmp'


Detecting CXX compiler ABI info compiled with the following output:
Change Dir: /lcrc/project/CMRP/pacc/VaReCoF/build/CMakeFiles/CMakeTmp

Run Build Command(s):/usr/bin/gmake cmTC_aeb8a/fast 
/usr/bin/gmake -f CMakeFiles/cmTC_aeb8a.dir/build.make CMakeFiles/cmTC_aeb8a.dir/build
gmake[1]: Entering directory `/lcrc/project/CMRP/pacc/VaReCoF/build/CMakeFiles/CMakeTmp'
Building CXX object CMakeFiles/cmTC_aeb8a.dir/CMakeCXXCompilerABI.cpp.o
/home/kmoore/miniconda/envs/pacc-env-mini/bin/x86_64-conda_cos6-linux-gnu-c++    -fvisibility-inlines-hidden -std=c++17 -fmessage-length=0 -march=nocona -mtune=haswell -ftree-vectorize -fPIC -fstack-protector-strong -fno-plt -O2 -ffunction-sections -pipe -I/home/kmoore/miniconda/envs/pacc-env-mini/include    -v -o CMakeFiles/cmTC_aeb8a.dir/CMakeCXXCompilerABI.cpp.o -c /blues/gpfs/home/kmoore/miniconda/envs/pacc-env-mini/share/cmake-3.14/Modules/CMakeCXXCompilerABI.cpp
Reading specs from /blues/gpfs/home/kmoore/miniconda/envs/pacc-env-mini/bin/../lib/gcc/x86_64-conda_cos6-linux-gnu/7.3.0/specs
COLLECT_GCC=/home/kmoore/miniconda/envs/pacc-env-mini/bin/x86_64-conda_cos6-linux-gnu-c++
Target: x86_64-conda_cos6-linux-gnu
Configured with: /home/rdonnelly/mc/conda-bld/compilers_linux-64_1534865402226/work/.build/x86_64-conda_cos6-linux-gnu/src/gcc/configure --build=x86_64-build_pc-linux-gnu --host=x86_64-build_pc-linux-gnu --target=x86_64-conda_cos6-linux-gnu --prefix=/home/rdonnelly/mc/conda-bld/compilers_linux-64_1534865402226/work/gcc_built --with-sysroot=/home/rdonnelly/mc/conda-bld/compilers_linux-64_1534865402226/work/gcc_built/x86_64-conda_cos6-linux-gnu/sysroot --enable-languages=c,c++,fortran,objc,obj-c++ --with-pkgversion='crosstool-NG 1.23.0.449-a04d0' --enable-__cxa_atexit --disable-libmudflap --enable-libgomp --disable-libssp --enable-libquadmath --enable-libquadmath-support --enable-libsanitizer --enable-libmpx --with-gmp=/home/rdonnelly/mc/conda-bld/compilers_linux-64_1534865402226/work/.build/x86_64-conda_cos6-linux-gnu/buildtools --with-mpfr=/home/rdonnelly/mc/conda-bld/compilers_linux-64_1534865402226/work/.build/x86_64-conda_cos6-linux-gnu/buildtools --with-mpc=/home/rdonnelly/mc/conda-bld/compilers_linux-64_1534865402226/work/.build/x86_64-conda_cos6-linux-gnu/buildtools --with-isl=/home/rdonnelly/mc/conda-bld/compilers_linux-64_1534865402226/work/.build/x86_64-conda_cos6-linux-gnu/buildtools --enable-lto --enable-threads=posix --enable-target-optspace --enable-plugin --enable-gold --disable-nls --disable-multilib --with-local-prefix=/home/rdonnelly/mc/conda-bld/compilers_linux-64_1534865402226/work/gcc_built/x86_64-conda_cos6-linux-gnu/sysroot --enable-long-long --enable-default-pie
Thread model: posix
gcc version 7.3.0 (crosstool-NG 1.23.0.449-a04d0) 
COLLECT_GCC_OPTIONS='-fvisibility-inlines-hidden' '-std=c++1z' '-fmessage-length=0' '-march=nocona' '-mtune=haswell' '-ftree-vectorize' '-fPIC' '-fstack-protector-strong' '-fno-plt' '-O2' '-ffunction-sections' '-pipe' '-I' '/home/kmoore/miniconda/envs/pacc-env-mini/include' '-v' '-o' 'CMakeFiles/cmTC_aeb8a.dir/CMakeCXXCompilerABI.cpp.o' '-c' '-shared-libgcc'
 /blues/gpfs/home/kmoore/miniconda/envs/pacc-env-mini/bin/../libexec/gcc/x86_64-conda_cos6-linux-gnu/7.3.0/cc1plus -quiet -v -I /home/kmoore/miniconda/envs/pacc-env-mini/include -iprefix /blues/gpfs/home/kmoore/miniconda/envs/pacc-env-mini/bin/../lib/gcc/x86_64-conda_cos6-linux-gnu/7.3.0/ -isysroot /blues/gpfs/home/kmoore/miniconda/envs/pacc-env-mini/bin/../x86_64-conda_cos6-linux-gnu/sysroot -D_GNU_SOURCE /blues/gpfs/home/kmoore/miniconda/envs/pacc-env-mini/share/cmake-3.14/Modules/CMakeCXXCompilerABI.cpp -quiet -dumpbase CMakeCXXCompilerABI.cpp -march=nocona -mtune=haswell -auxbase-strip CMakeFiles/cmTC_aeb8a.dir/CMakeCXXCompilerABI.cpp.o -O2 -std=c++1z -version -fvisibility-inlines-hidden -fmessage-length=0 -ftree-vectorize -fPIC -fstack-protector-strong -fno-plt -ffunction-sections -o - |
 /blues/gpfs/home/kmoore/miniconda/envs/pacc-env-mini/bin/../lib/gcc/x86_64-conda_cos6-linux-gnu/7.3.0/../../../../x86_64-conda_cos6-linux-gnu/bin/as -v -I /home/kmoore/miniconda/envs/pacc-env-mini/include --64 -o CMakeFiles/cmTC_aeb8a.dir/CMakeCXXCompilerABI.cpp.o
GNU assembler version 2.31.1 (x86_64-conda_cos6-linux-gnu) using BFD version (crosstool-NG 1.23.0.444-4ea7) 2.31.1
GNU C++14 (crosstool-NG 1.23.0.449-a04d0) version 7.3.0 (x86_64-conda_cos6-linux-gnu)
	compiled by GNU C version 4.4.7 20120313 (Red Hat 4.4.7-18), GMP version 6.1.2, MPFR version 4.0.1, MPC version 1.1.0, isl version isl-0.19-GMP

GGC heuristics: --param ggc-min-expand=100 --param ggc-min-heapsize=131072
ignoring duplicate directory "/blues/gpfs/home/kmoore/miniconda/envs/pacc-env-mini/bin/../lib/gcc/../../lib/gcc/x86_64-conda_cos6-linux-gnu/7.3.0/../../../../x86_64-conda_cos6-linux-gnu/include/c++/7.3.0"
ignoring duplicate directory "/blues/gpfs/home/kmoore/miniconda/envs/pacc-env-mini/bin/../lib/gcc/../../lib/gcc/x86_64-conda_cos6-linux-gnu/7.3.0/../../../../x86_64-conda_cos6-linux-gnu/include/c++/7.3.0/x86_64-conda_cos6-linux-gnu"
ignoring duplicate directory "/blues/gpfs/home/kmoore/miniconda/envs/pacc-env-mini/bin/../lib/gcc/../../lib/gcc/x86_64-conda_cos6-linux-gnu/7.3.0/../../../../x86_64-conda_cos6-linux-gnu/include/c++/7.3.0/backward"
ignoring duplicate directory "/blues/gpfs/home/kmoore/miniconda/envs/pacc-env-mini/bin/../lib/gcc/../../lib/gcc/x86_64-conda_cos6-linux-gnu/7.3.0/include"
ignoring nonexistent directory "/blues/gpfs/home/kmoore/miniconda/envs/pacc-env-mini/bin/../x86_64-conda_cos6-linux-gnu/sysroot/home/rdonnelly/mc/conda-bld/compilers_linux-64_1534865402226/work/gcc_built/x86_64-conda_cos6-linux-gnu/sysroot/include"
ignoring duplicate directory "/blues/gpfs/home/kmoore/miniconda/envs/pacc-env-mini/bin/../lib/gcc/../../lib/gcc/x86_64-conda_cos6-linux-gnu/7.3.0/include-fixed"
ignoring duplicate directory "/blues/gpfs/home/kmoore/miniconda/envs/pacc-env-mini/bin/../lib/gcc/../../lib/gcc/x86_64-conda_cos6-linux-gnu/7.3.0/../../../../x86_64-conda_cos6-linux-gnu/include"
#include "..." search starts here:
#include <...> search starts here:
 /home/kmoore/miniconda/envs/pacc-env-mini/include
 /blues/gpfs/home/software/spack-0.10.1/opt/spack/linux-centos7-x86_64/intel-17.0.4/intel-mkl-2017.3.196-v7uuj6zmthzln35n2hb7i5u5ybncv5ev/compilers_and_libraries_2017.4.196/linux/mkl/include
 /blues/gpfs/home/software/spack-0.10.1/opt/spack/linux-centos7-x86_64/gcc-4.8.5/intel-17.0.4-74uvhjiulyqgvsmywifbbuo46v5n42xc/tbb/include
 /blues/gpfs/home/kmoore/miniconda/envs/pacc-env-mini/bin/../lib/gcc/x86_64-conda_cos6-linux-gnu/7.3.0/../../../../x86_64-conda_cos6-linux-gnu/include/c++/7.3.0
 /blues/gpfs/home/kmoore/miniconda/envs/pacc-env-mini/bin/../lib/gcc/x86_64-conda_cos6-linux-gnu/7.3.0/../../../../x86_64-conda_cos6-linux-gnu/include/c++/7.3.0/x86_64-conda_cos6-linux-gnu
 /blues/gpfs/home/kmoore/miniconda/envs/pacc-env-mini/bin/../lib/gcc/x86_64-conda_cos6-linux-gnu/7.3.0/../../../../x86_64-conda_cos6-linux-gnu/include/c++/7.3.0/backward
 /blues/gpfs/home/kmoore/miniconda/envs/pacc-env-mini/bin/../lib/gcc/x86_64-conda_cos6-linux-gnu/7.3.0/include
 /blues/gpfs/home/kmoore/miniconda/envs/pacc-env-mini/bin/../lib/gcc/x86_64-conda_cos6-linux-gnu/7.3.0/include-fixed
 /blues/gpfs/home/kmoore/miniconda/envs/pacc-env-mini/bin/../lib/gcc/x86_64-conda_cos6-linux-gnu/7.3.0/../../../../x86_64-conda_cos6-linux-gnu/include
 /blues/gpfs/home/kmoore/miniconda/envs/pacc-env-mini/bin/../x86_64-conda_cos6-linux-gnu/sysroot/usr/include
End of search list.
GNU C++14 (crosstool-NG 1.23.0.449-a04d0) version 7.3.0 (x86_64-conda_cos6-linux-gnu)
	compiled by GNU C version 4.4.7 20120313 (Red Hat 4.4.7-18), GMP version 6.1.2, MPFR version 4.0.1, MPC version 1.1.0, isl version isl-0.19-GMP

GGC heuristics: --param ggc-min-expand=100 --param ggc-min-heapsize=131072
Compiler executable checksum: 2f61739646e29ad60d2358d78f3bd7b4
COMPILER_PATH=/blues/gpfs/home/kmoore/miniconda/envs/pacc-env-mini/bin/../libexec/gcc/x86_64-conda_cos6-linux-gnu/7.3.0/:/blues/gpfs/home/kmoore/miniconda/envs/pacc-env-mini/bin/../libexec/gcc/:/blues/gpfs/home/kmoore/miniconda/envs/pacc-env-mini/bin/../lib/gcc/x86_64-conda_cos6-linux-gnu/7.3.0/../../../../x86_64-conda_cos6-linux-gnu/bin/
LIBRARY_PATH=/blues/gpfs/home/kmoore/miniconda/envs/pacc-env-mini/bin/../lib/gcc/x86_64-conda_cos6-linux-gnu/7.3.0/:/blues/gpfs/home/kmoore/miniconda/envs/pacc-env-mini/bin/../lib/gcc/:/blues/gpfs/home/kmoore/miniconda/envs/pacc-env-mini/bin/../lib/gcc/x86_64-conda_cos6-linux-gnu/7.3.0/../../../../x86_64-conda_cos6-linux-gnu/lib/../lib/:/blues/gpfs/home/kmoore/miniconda/envs/pacc-env-mini/bin/../x86_64-conda_cos6-linux-gnu/sysroot/lib/../lib/:/blues/gpfs/home/kmoore/miniconda/envs/pacc-env-mini/bin/../x86_64-conda_cos6-linux-gnu/sysroot/usr/lib/../lib/:/blues/gpfs/home/kmoore/miniconda/envs/pacc-env-mini/bin/../lib/gcc/x86_64-conda_cos6-linux-gnu/7.3.0/../../../../x86_64-conda_cos6-linux-gnu/lib/:/blues/gpfs/home/kmoore/miniconda/envs/pacc-env-mini/bin/../x86_64-conda_cos6-linux-gnu/sysroot/lib/:/blues/gpfs/home/kmoore/miniconda/envs/pacc-env-mini/bin/../x86_64-conda_cos6-linux-gnu/sysroot/usr/lib/
COLLECT_GCC_OPTIONS='-fvisibility-inlines-hidden' '-std=c++1z' '-fmessage-length=0' '-march=nocona' '-mtune=haswell' '-ftree-vectorize' '-fPIC' '-fstack-protector-strong' '-fno-plt' '-O2' '-ffunction-sections' '-pipe' '-I' '/home/kmoore/miniconda/envs/pacc-env-mini/include' '-v' '-o' 'CMakeFiles/cmTC_aeb8a.dir/CMakeCXXCompilerABI.cpp.o' '-c' '-shared-libgcc'
Linking CXX executable cmTC_aeb8a
/blues/gpfs/home/kmoore/miniconda/envs/pacc-env-mini/bin/cmake -E cmake_link_script CMakeFiles/cmTC_aeb8a.dir/link.txt --verbose=1
/home/kmoore/miniconda/envs/pacc-env-mini/bin/x86_64-conda_cos6-linux-gnu-c++  -fvisibility-inlines-hidden -std=c++17 -fmessage-length=0 -march=nocona -mtune=haswell -ftree-vectorize -fPIC -fstack-protector-strong -fno-plt -O2 -ffunction-sections -pipe -I/home/kmoore/miniconda/envs/pacc-env-mini/include   -Wl,-O2 -Wl,--sort-common -Wl,--as-needed -Wl,-z,relro -Wl,-z,now -Wl,--disable-new-dtags -Wl,--gc-sections -v -rdynamic CMakeFiles/cmTC_aeb8a.dir/CMakeCXXCompilerABI.cpp.o  -o cmTC_aeb8a 
Reading specs from /blues/gpfs/home/kmoore/miniconda/envs/pacc-env-mini/bin/../lib/gcc/x86_64-conda_cos6-linux-gnu/7.3.0/specs
COLLECT_GCC=/home/kmoore/miniconda/envs/pacc-env-mini/bin/x86_64-conda_cos6-linux-gnu-c++
COLLECT_LTO_WRAPPER=/blues/gpfs/home/kmoore/miniconda/envs/pacc-env-mini/bin/../libexec/gcc/x86_64-conda_cos6-linux-gnu/7.3.0/lto-wrapper
Target: x86_64-conda_cos6-linux-gnu
Configured with: /home/rdonnelly/mc/conda-bld/compilers_linux-64_1534865402226/work/.build/x86_64-conda_cos6-linux-gnu/src/gcc/configure --build=x86_64-build_pc-linux-gnu --host=x86_64-build_pc-linux-gnu --target=x86_64-conda_cos6-linux-gnu --prefix=/home/rdonnelly/mc/conda-bld/compilers_linux-64_1534865402226/work/gcc_built --with-sysroot=/home/rdonnelly/mc/conda-bld/compilers_linux-64_1534865402226/work/gcc_built/x86_64-conda_cos6-linux-gnu/sysroot --enable-languages=c,c++,fortran,objc,obj-c++ --with-pkgversion='crosstool-NG 1.23.0.449-a04d0' --enable-__cxa_atexit --disable-libmudflap --enable-libgomp --disable-libssp --enable-libquadmath --enable-libquadmath-support --enable-libsanitizer --enable-libmpx --with-gmp=/home/rdonnelly/mc/conda-bld/compilers_linux-64_1534865402226/work/.build/x86_64-conda_cos6-linux-gnu/buildtools --with-mpfr=/home/rdonnelly/mc/conda-bld/compilers_linux-64_1534865402226/work/.build/x86_64-conda_cos6-linux-gnu/buildtools --with-mpc=/home/rdonnelly/mc/conda-bld/compilers_linux-64_1534865402226/work/.build/x86_64-conda_cos6-linux-gnu/buildtools --with-isl=/home/rdonnelly/mc/conda-bld/compilers_linux-64_1534865402226/work/.build/x86_64-conda_cos6-linux-gnu/buildtools --enable-lto --enable-threads=posix --enable-target-optspace --enable-plugin --enable-gold --disable-nls --disable-multilib --with-local-prefix=/home/rdonnelly/mc/conda-bld/compilers_linux-64_1534865402226/work/gcc_built/x86_64-conda_cos6-linux-gnu/sysroot --enable-long-long --enable-default-pie
Thread model: posix
gcc version 7.3.0 (crosstool-NG 1.23.0.449-a04d0) 
COMPILER_PATH=/blues/gpfs/home/kmoore/miniconda/envs/pacc-env-mini/bin/../libexec/gcc/x86_64-conda_cos6-linux-gnu/7.3.0/:/blues/gpfs/home/kmoore/miniconda/envs/pacc-env-mini/bin/../libexec/gcc/:/blues/gpfs/home/kmoore/miniconda/envs/pacc-env-mini/bin/../lib/gcc/x86_64-conda_cos6-linux-gnu/7.3.0/../../../../x86_64-conda_cos6-linux-gnu/bin/
LIBRARY_PATH=/blues/gpfs/home/kmoore/miniconda/envs/pacc-env-mini/bin/../lib/gcc/x86_64-conda_cos6-linux-gnu/7.3.0/:/blues/gpfs/home/kmoore/miniconda/envs/pacc-env-mini/bin/../lib/gcc/:/blues/gpfs/home/kmoore/miniconda/envs/pacc-env-mini/bin/../lib/gcc/x86_64-conda_cos6-linux-gnu/7.3.0/../../../../x86_64-conda_cos6-linux-gnu/lib/../lib/:/blues/gpfs/home/kmoore/miniconda/envs/pacc-env-mini/bin/../x86_64-conda_cos6-linux-gnu/sysroot/lib/../lib/:/blues/gpfs/home/kmoore/miniconda/envs/pacc-env-mini/bin/../x86_64-conda_cos6-linux-gnu/sysroot/usr/lib/../lib/:/blues/gpfs/home/kmoore/miniconda/envs/pacc-env-mini/bin/../lib/gcc/x86_64-conda_cos6-linux-gnu/7.3.0/../../../../x86_64-conda_cos6-linux-gnu/lib/:/blues/gpfs/home/kmoore/miniconda/envs/pacc-env-mini/bin/../x86_64-conda_cos6-linux-gnu/sysroot/lib/:/blues/gpfs/home/kmoore/miniconda/envs/pacc-env-mini/bin/../x86_64-conda_cos6-linux-gnu/sysroot/usr/lib/
COLLECT_GCC_OPTIONS='-fvisibility-inlines-hidden' '-std=c++1z' '-fmessage-length=0' '-march=nocona' '-mtune=haswell' '-ftree-vectorize' '-fPIC' '-fstack-protector-strong' '-fno-plt' '-O2' '-ffunction-sections' '-pipe' '-I' '/home/kmoore/miniconda/envs/pacc-env-mini/include' '-v' '-rdynamic' '-o' 'cmTC_aeb8a' '-shared-libgcc'
 /blues/gpfs/home/kmoore/miniconda/envs/pacc-env-mini/bin/../libexec/gcc/x86_64-conda_cos6-linux-gnu/7.3.0/collect2 -plugin /blues/gpfs/home/kmoore/miniconda/envs/pacc-env-mini/bin/../libexec/gcc/x86_64-conda_cos6-linux-gnu/7.3.0/liblto_plugin.so -plugin-opt=/blues/gpfs/home/kmoore/miniconda/envs/pacc-env-mini/bin/../libexec/gcc/x86_64-conda_cos6-linux-gnu/7.3.0/lto-wrapper -plugin-opt=-fresolution=/tmp/ccW5HR7v.res -plugin-opt=-pass-through=-lgcc_s -plugin-opt=-pass-through=-lgcc -plugin-opt=-pass-through=-lc -plugin-opt=-pass-through=-lgcc_s -plugin-opt=-pass-through=-lgcc --sysroot=/blues/gpfs/home/kmoore/miniconda/envs/pacc-env-mini/bin/../x86_64-conda_cos6-linux-gnu/sysroot --eh-frame-hdr -m elf_x86_64 -export-dynamic -dynamic-linker /lib64/ld-linux-x86-64.so.2 -pie -o cmTC_aeb8a /blues/gpfs/home/kmoore/miniconda/envs/pacc-env-mini/bin/../x86_64-conda_cos6-linux-gnu/sysroot/usr/lib/../lib/Scrt1.o /blues/gpfs/home/kmoore/miniconda/envs/pacc-env-mini/bin/../x86_64-conda_cos6-linux-gnu/sysroot/usr/lib/../lib/crti.o /blues/gpfs/home/kmoore/miniconda/envs/pacc-env-mini/bin/../lib/gcc/x86_64-conda_cos6-linux-gnu/7.3.0/crtbeginS.o -L/blues/gpfs/home/kmoore/miniconda/envs/pacc-env-mini/bin/../lib/gcc/x86_64-conda_cos6-linux-gnu/7.3.0 -L/blues/gpfs/home/kmoore/miniconda/envs/pacc-env-mini/bin/../lib/gcc -L/blues/gpfs/home/kmoore/miniconda/envs/pacc-env-mini/bin/../lib/gcc/x86_64-conda_cos6-linux-gnu/7.3.0/../../../../x86_64-conda_cos6-linux-gnu/lib/../lib -L/blues/gpfs/home/kmoore/miniconda/envs/pacc-env-mini/bin/../x86_64-conda_cos6-linux-gnu/sysroot/lib/../lib -L/blues/gpfs/home/kmoore/miniconda/envs/pacc-env-mini/bin/../x86_64-conda_cos6-linux-gnu/sysroot/usr/lib/../lib -L/blues/gpfs/home/kmoore/miniconda/envs/pacc-env-mini/bin/../lib/gcc/x86_64-conda_cos6-linux-gnu/7.3.0/../../../../x86_64-conda_cos6-linux-gnu/lib -L/blues/gpfs/home/kmoore/miniconda/envs/pacc-env-mini/bin/../x86_64-conda_cos6-linux-gnu/sysroot/lib -L/blues/gpfs/home/kmoore/miniconda/envs/pacc-env-mini/bin/../x86_64-conda_cos6-linux-gnu/sysroot/usr/lib -rpath /home/kmoore/miniconda/envs/pacc-env-mini/lib -O2 --sort-common --as-needed -z relro -z now --disable-new-dtags --gc-sections CMakeFiles/cmTC_aeb8a.dir/CMakeCXXCompilerABI.cpp.o -lstdc++ -lm -lgcc_s -lgcc -lc -lgcc_s -lgcc /blues/gpfs/home/kmoore/miniconda/envs/pacc-env-mini/bin/../lib/gcc/x86_64-conda_cos6-linux-gnu/7.3.0/crtendS.o /blues/gpfs/home/kmoore/miniconda/envs/pacc-env-mini/bin/../x86_64-conda_cos6-linux-gnu/sysroot/usr/lib/../lib/crtn.o
COLLECT_GCC_OPTIONS='-fvisibility-inlines-hidden' '-std=c++1z' '-fmessage-length=0' '-march=nocona' '-mtune=haswell' '-ftree-vectorize' '-fPIC' '-fstack-protector-strong' '-fno-plt' '-O2' '-ffunction-sections' '-pipe' '-I' '/home/kmoore/miniconda/envs/pacc-env-mini/include' '-v' '-rdynamic' '-o' 'cmTC_aeb8a' '-shared-libgcc'
gmake[1]: Leaving directory `/lcrc/project/CMRP/pacc/VaReCoF/build/CMakeFiles/CMakeTmp'


Parsed CXX implicit include dir info from above output: rv=done
  found start of include info
  found start of implicit include info
    add: [/home/kmoore/miniconda/envs/pacc-env-mini/include]
    add: [/blues/gpfs/home/software/spack-0.10.1/opt/spack/linux-centos7-x86_64/intel-17.0.4/intel-mkl-2017.3.196-v7uuj6zmthzln35n2hb7i5u5ybncv5ev/compilers_and_libraries_2017.4.196/linux/mkl/include]
    add: [/blues/gpfs/home/software/spack-0.10.1/opt/spack/linux-centos7-x86_64/gcc-4.8.5/intel-17.0.4-74uvhjiulyqgvsmywifbbuo46v5n42xc/tbb/include]
    add: [/blues/gpfs/home/kmoore/miniconda/envs/pacc-env-mini/bin/../lib/gcc/x86_64-conda_cos6-linux-gnu/7.3.0/../../../../x86_64-conda_cos6-linux-gnu/include/c++/7.3.0]
    add: [/blues/gpfs/home/kmoore/miniconda/envs/pacc-env-mini/bin/../lib/gcc/x86_64-conda_cos6-linux-gnu/7.3.0/../../../../x86_64-conda_cos6-linux-gnu/include/c++/7.3.0/x86_64-conda_cos6-linux-gnu]
    add: [/blues/gpfs/home/kmoore/miniconda/envs/pacc-env-mini/bin/../lib/gcc/x86_64-conda_cos6-linux-gnu/7.3.0/../../../../x86_64-conda_cos6-linux-gnu/include/c++/7.3.0/backward]
    add: [/blues/gpfs/home/kmoore/miniconda/envs/pacc-env-mini/bin/../lib/gcc/x86_64-conda_cos6-linux-gnu/7.3.0/include]
    add: [/blues/gpfs/home/kmoore/miniconda/envs/pacc-env-mini/bin/../lib/gcc/x86_64-conda_cos6-linux-gnu/7.3.0/include-fixed]
    add: [/blues/gpfs/home/kmoore/miniconda/envs/pacc-env-mini/bin/../lib/gcc/x86_64-conda_cos6-linux-gnu/7.3.0/../../../../x86_64-conda_cos6-linux-gnu/include]
    add: [/blues/gpfs/home/kmoore/miniconda/envs/pacc-env-mini/bin/../x86_64-conda_cos6-linux-gnu/sysroot/usr/include]
  end of search list found
  collapse include dir [/home/kmoore/miniconda/envs/pacc-env-mini/include] ==> [/home/kmoore/miniconda/envs/pacc-env-mini/include]
  collapse include dir [/blues/gpfs/home/software/spack-0.10.1/opt/spack/linux-centos7-x86_64/intel-17.0.4/intel-mkl-2017.3.196-v7uuj6zmthzln35n2hb7i5u5ybncv5ev/compilers_and_libraries_2017.4.196/linux/mkl/include] ==> [/blues/gpfs/home/software/spack-0.10.1/opt/spack/linux-centos7-x86_64/intel-17.0.4/intel-mkl-2017.3.196-v7uuj6zmthzln35n2hb7i5u5ybncv5ev/compilers_and_libraries_2017.4.196/linux/mkl/include]
  collapse include dir [/blues/gpfs/home/software/spack-0.10.1/opt/spack/linux-centos7-x86_64/gcc-4.8.5/intel-17.0.4-74uvhjiulyqgvsmywifbbuo46v5n42xc/tbb/include] ==> [/blues/gpfs/home/software/spack-0.10.1/opt/spack/linux-centos7-x86_64/gcc-4.8.5/intel-17.0.4-74uvhjiulyqgvsmywifbbuo46v5n42xc/tbb/include]
  collapse include dir [/blues/gpfs/home/kmoore/miniconda/envs/pacc-env-mini/bin/../lib/gcc/x86_64-conda_cos6-linux-gnu/7.3.0/../../../../x86_64-conda_cos6-linux-gnu/include/c++/7.3.0] ==> [/blues/gpfs/home/kmoore/miniconda/envs/pacc-env-mini/x86_64-conda_cos6-linux-gnu/include/c++/7.3.0]
  collapse include dir [/blues/gpfs/home/kmoore/miniconda/envs/pacc-env-mini/bin/../lib/gcc/x86_64-conda_cos6-linux-gnu/7.3.0/../../../../x86_64-conda_cos6-linux-gnu/include/c++/7.3.0/x86_64-conda_cos6-linux-gnu] ==> [/blues/gpfs/home/kmoore/miniconda/envs/pacc-env-mini/x86_64-conda_cos6-linux-gnu/include/c++/7.3.0/x86_64-conda_cos6-linux-gnu]
  collapse include dir [/blues/gpfs/home/kmoore/miniconda/envs/pacc-env-mini/bin/../lib/gcc/x86_64-conda_cos6-linux-gnu/7.3.0/../../../../x86_64-conda_cos6-linux-gnu/include/c++/7.3.0/backward] ==> [/blues/gpfs/home/kmoore/miniconda/envs/pacc-env-mini/x86_64-conda_cos6-linux-gnu/include/c++/7.3.0/backward]
  collapse include dir [/blues/gpfs/home/kmoore/miniconda/envs/pacc-env-mini/bin/../lib/gcc/x86_64-conda_cos6-linux-gnu/7.3.0/include] ==> [/blues/gpfs/home/kmoore/miniconda/envs/pacc-env-mini/lib/gcc/x86_64-conda_cos6-linux-gnu/7.3.0/include]
  collapse include dir [/blues/gpfs/home/kmoore/miniconda/envs/pacc-env-mini/bin/../lib/gcc/x86_64-conda_cos6-linux-gnu/7.3.0/include-fixed] ==> [/blues/gpfs/home/kmoore/miniconda/envs/pacc-env-mini/lib/gcc/x86_64-conda_cos6-linux-gnu/7.3.0/include-fixed]
  collapse include dir [/blues/gpfs/home/kmoore/miniconda/envs/pacc-env-mini/bin/../lib/gcc/x86_64-conda_cos6-linux-gnu/7.3.0/../../../../x86_64-conda_cos6-linux-gnu/include] ==> [/blues/gpfs/home/kmoore/miniconda/envs/pacc-env-mini/x86_64-conda_cos6-linux-gnu/include]
  collapse include dir [/blues/gpfs/home/kmoore/miniconda/envs/pacc-env-mini/bin/../x86_64-conda_cos6-linux-gnu/sysroot/usr/include] ==> [/blues/gpfs/home/kmoore/miniconda/envs/pacc-env-mini/x86_64-conda_cos6-linux-gnu/sysroot/usr/include]
  implicit include dirs: [/home/kmoore/miniconda/envs/pacc-env-mini/include;/blues/gpfs/home/software/spack-0.10.1/opt/spack/linux-centos7-x86_64/intel-17.0.4/intel-mkl-2017.3.196-v7uuj6zmthzln35n2hb7i5u5ybncv5ev/compilers_and_libraries_2017.4.196/linux/mkl/include;/blues/gpfs/home/software/spack-0.10.1/opt/spack/linux-centos7-x86_64/gcc-4.8.5/intel-17.0.4-74uvhjiulyqgvsmywifbbuo46v5n42xc/tbb/include;/blues/gpfs/home/kmoore/miniconda/envs/pacc-env-mini/x86_64-conda_cos6-linux-gnu/include/c++/7.3.0;/blues/gpfs/home/kmoore/miniconda/envs/pacc-env-mini/x86_64-conda_cos6-linux-gnu/include/c++/7.3.0/x86_64-conda_cos6-linux-gnu;/blues/gpfs/home/kmoore/miniconda/envs/pacc-env-mini/x86_64-conda_cos6-linux-gnu/include/c++/7.3.0/backward;/blues/gpfs/home/kmoore/miniconda/envs/pacc-env-mini/lib/gcc/x86_64-conda_cos6-linux-gnu/7.3.0/include;/blues/gpfs/home/kmoore/miniconda/envs/pacc-env-mini/lib/gcc/x86_64-conda_cos6-linux-gnu/7.3.0/include-fixed;/blues/gpfs/home/kmoore/miniconda/envs/pacc-env-mini/x86_64-conda_cos6-linux-gnu/include;/blues/gpfs/home/kmoore/miniconda/envs/pacc-env-mini/x86_64-conda_cos6-linux-gnu/sysroot/usr/include]


Parsed CXX implicit link information from above output:
  link line regex: [^( *|.*[/\])(ld|CMAKE_LINK_STARTFILE-NOTFOUND|([^/\]+-)?ld|collect2)[^/\]*( |$)]
  ignore line: [Change Dir: /lcrc/project/CMRP/pacc/VaReCoF/build/CMakeFiles/CMakeTmp]
  ignore line: []
  ignore line: [Run Build Command(s):/usr/bin/gmake cmTC_aeb8a/fast ]
  ignore line: [/usr/bin/gmake -f CMakeFiles/cmTC_aeb8a.dir/build.make CMakeFiles/cmTC_aeb8a.dir/build]
  ignore line: [gmake[1]: Entering directory `/lcrc/project/CMRP/pacc/VaReCoF/build/CMakeFiles/CMakeTmp']
  ignore line: [Building CXX object CMakeFiles/cmTC_aeb8a.dir/CMakeCXXCompilerABI.cpp.o]
  ignore line: [/home/kmoore/miniconda/envs/pacc-env-mini/bin/x86_64-conda_cos6-linux-gnu-c++    -fvisibility-inlines-hidden -std=c++17 -fmessage-length=0 -march=nocona -mtune=haswell -ftree-vectorize -fPIC -fstack-protector-strong -fno-plt -O2 -ffunction-sections -pipe -I/home/kmoore/miniconda/envs/pacc-env-mini/include    -v -o CMakeFiles/cmTC_aeb8a.dir/CMakeCXXCompilerABI.cpp.o -c /blues/gpfs/home/kmoore/miniconda/envs/pacc-env-mini/share/cmake-3.14/Modules/CMakeCXXCompilerABI.cpp]
  ignore line: [Reading specs from /blues/gpfs/home/kmoore/miniconda/envs/pacc-env-mini/bin/../lib/gcc/x86_64-conda_cos6-linux-gnu/7.3.0/specs]
  ignore line: [COLLECT_GCC=/home/kmoore/miniconda/envs/pacc-env-mini/bin/x86_64-conda_cos6-linux-gnu-c++]
  ignore line: [Target: x86_64-conda_cos6-linux-gnu]
  ignore line: [Configured with: /home/rdonnelly/mc/conda-bld/compilers_linux-64_1534865402226/work/.build/x86_64-conda_cos6-linux-gnu/src/gcc/configure --build=x86_64-build_pc-linux-gnu --host=x86_64-build_pc-linux-gnu --target=x86_64-conda_cos6-linux-gnu --prefix=/home/rdonnelly/mc/conda-bld/compilers_linux-64_1534865402226/work/gcc_built --with-sysroot=/home/rdonnelly/mc/conda-bld/compilers_linux-64_1534865402226/work/gcc_built/x86_64-conda_cos6-linux-gnu/sysroot --enable-languages=c,c++,fortran,objc,obj-c++ --with-pkgversion='crosstool-NG 1.23.0.449-a04d0' --enable-__cxa_atexit --disable-libmudflap --enable-libgomp --disable-libssp --enable-libquadmath --enable-libquadmath-support --enable-libsanitizer --enable-libmpx --with-gmp=/home/rdonnelly/mc/conda-bld/compilers_linux-64_1534865402226/work/.build/x86_64-conda_cos6-linux-gnu/buildtools --with-mpfr=/home/rdonnelly/mc/conda-bld/compilers_linux-64_1534865402226/work/.build/x86_64-conda_cos6-linux-gnu/buildtools --with-mpc=/home/rdonnelly/mc/conda-bld/compilers_linux-64_1534865402226/work/.build/x86_64-conda_cos6-linux-gnu/buildtools --with-isl=/home/rdonnelly/mc/conda-bld/compilers_linux-64_1534865402226/work/.build/x86_64-conda_cos6-linux-gnu/buildtools --enable-lto --enable-threads=posix --enable-target-optspace --enable-plugin --enable-gold --disable-nls --disable-multilib --with-local-prefix=/home/rdonnelly/mc/conda-bld/compilers_linux-64_1534865402226/work/gcc_built/x86_64-conda_cos6-linux-gnu/sysroot --enable-long-long --enable-default-pie]
  ignore line: [Thread model: posix]
  ignore line: [gcc version 7.3.0 (crosstool-NG 1.23.0.449-a04d0) ]
  ignore line: [COLLECT_GCC_OPTIONS='-fvisibility-inlines-hidden' '-std=c++1z' '-fmessage-length=0' '-march=nocona' '-mtune=haswell' '-ftree-vectorize' '-fPIC' '-fstack-protector-strong' '-fno-plt' '-O2' '-ffunction-sections' '-pipe' '-I' '/home/kmoore/miniconda/envs/pacc-env-mini/include' '-v' '-o' 'CMakeFiles/cmTC_aeb8a.dir/CMakeCXXCompilerABI.cpp.o' '-c' '-shared-libgcc']
  ignore line: [ /blues/gpfs/home/kmoore/miniconda/envs/pacc-env-mini/bin/../libexec/gcc/x86_64-conda_cos6-linux-gnu/7.3.0/cc1plus -quiet -v -I /home/kmoore/miniconda/envs/pacc-env-mini/include -iprefix /blues/gpfs/home/kmoore/miniconda/envs/pacc-env-mini/bin/../lib/gcc/x86_64-conda_cos6-linux-gnu/7.3.0/ -isysroot /blues/gpfs/home/kmoore/miniconda/envs/pacc-env-mini/bin/../x86_64-conda_cos6-linux-gnu/sysroot -D_GNU_SOURCE /blues/gpfs/home/kmoore/miniconda/envs/pacc-env-mini/share/cmake-3.14/Modules/CMakeCXXCompilerABI.cpp -quiet -dumpbase CMakeCXXCompilerABI.cpp -march=nocona -mtune=haswell -auxbase-strip CMakeFiles/cmTC_aeb8a.dir/CMakeCXXCompilerABI.cpp.o -O2 -std=c++1z -version -fvisibility-inlines-hidden -fmessage-length=0 -ftree-vectorize -fPIC -fstack-protector-strong -fno-plt -ffunction-sections -o - |]
  ignore line: [ /blues/gpfs/home/kmoore/miniconda/envs/pacc-env-mini/bin/../lib/gcc/x86_64-conda_cos6-linux-gnu/7.3.0/../../../../x86_64-conda_cos6-linux-gnu/bin/as -v -I /home/kmoore/miniconda/envs/pacc-env-mini/include --64 -o CMakeFiles/cmTC_aeb8a.dir/CMakeCXXCompilerABI.cpp.o]
  ignore line: [GNU assembler version 2.31.1 (x86_64-conda_cos6-linux-gnu) using BFD version (crosstool-NG 1.23.0.444-4ea7) 2.31.1]
  ignore line: [GNU C++14 (crosstool-NG 1.23.0.449-a04d0) version 7.3.0 (x86_64-conda_cos6-linux-gnu)]
  ignore line: [	compiled by GNU C version 4.4.7 20120313 (Red Hat 4.4.7-18), GMP version 6.1.2, MPFR version 4.0.1, MPC version 1.1.0, isl version isl-0.19-GMP]
  ignore line: []
  ignore line: [GGC heuristics: --param ggc-min-expand=100 --param ggc-min-heapsize=131072]
  ignore line: [ignoring duplicate directory "/blues/gpfs/home/kmoore/miniconda/envs/pacc-env-mini/bin/../lib/gcc/../../lib/gcc/x86_64-conda_cos6-linux-gnu/7.3.0/../../../../x86_64-conda_cos6-linux-gnu/include/c++/7.3.0"]
  ignore line: [ignoring duplicate directory "/blues/gpfs/home/kmoore/miniconda/envs/pacc-env-mini/bin/../lib/gcc/../../lib/gcc/x86_64-conda_cos6-linux-gnu/7.3.0/../../../../x86_64-conda_cos6-linux-gnu/include/c++/7.3.0/x86_64-conda_cos6-linux-gnu"]
  ignore line: [ignoring duplicate directory "/blues/gpfs/home/kmoore/miniconda/envs/pacc-env-mini/bin/../lib/gcc/../../lib/gcc/x86_64-conda_cos6-linux-gnu/7.3.0/../../../../x86_64-conda_cos6-linux-gnu/include/c++/7.3.0/backward"]
  ignore line: [ignoring duplicate directory "/blues/gpfs/home/kmoore/miniconda/envs/pacc-env-mini/bin/../lib/gcc/../../lib/gcc/x86_64-conda_cos6-linux-gnu/7.3.0/include"]
  ignore line: [ignoring nonexistent directory "/blues/gpfs/home/kmoore/miniconda/envs/pacc-env-mini/bin/../x86_64-conda_cos6-linux-gnu/sysroot/home/rdonnelly/mc/conda-bld/compilers_linux-64_1534865402226/work/gcc_built/x86_64-conda_cos6-linux-gnu/sysroot/include"]
  ignore line: [ignoring duplicate directory "/blues/gpfs/home/kmoore/miniconda/envs/pacc-env-mini/bin/../lib/gcc/../../lib/gcc/x86_64-conda_cos6-linux-gnu/7.3.0/include-fixed"]
  ignore line: [ignoring duplicate directory "/blues/gpfs/home/kmoore/miniconda/envs/pacc-env-mini/bin/../lib/gcc/../../lib/gcc/x86_64-conda_cos6-linux-gnu/7.3.0/../../../../x86_64-conda_cos6-linux-gnu/include"]
  ignore line: [#include "..." search starts here:]
  ignore line: [#include <...> search starts here:]
  ignore line: [ /home/kmoore/miniconda/envs/pacc-env-mini/include]
  ignore line: [ /blues/gpfs/home/software/spack-0.10.1/opt/spack/linux-centos7-x86_64/intel-17.0.4/intel-mkl-2017.3.196-v7uuj6zmthzln35n2hb7i5u5ybncv5ev/compilers_and_libraries_2017.4.196/linux/mkl/include]
  ignore line: [ /blues/gpfs/home/software/spack-0.10.1/opt/spack/linux-centos7-x86_64/gcc-4.8.5/intel-17.0.4-74uvhjiulyqgvsmywifbbuo46v5n42xc/tbb/include]
  ignore line: [ /blues/gpfs/home/kmoore/miniconda/envs/pacc-env-mini/bin/../lib/gcc/x86_64-conda_cos6-linux-gnu/7.3.0/../../../../x86_64-conda_cos6-linux-gnu/include/c++/7.3.0]
  ignore line: [ /blues/gpfs/home/kmoore/miniconda/envs/pacc-env-mini/bin/../lib/gcc/x86_64-conda_cos6-linux-gnu/7.3.0/../../../../x86_64-conda_cos6-linux-gnu/include/c++/7.3.0/x86_64-conda_cos6-linux-gnu]
  ignore line: [ /blues/gpfs/home/kmoore/miniconda/envs/pacc-env-mini/bin/../lib/gcc/x86_64-conda_cos6-linux-gnu/7.3.0/../../../../x86_64-conda_cos6-linux-gnu/include/c++/7.3.0/backward]
  ignore line: [ /blues/gpfs/home/kmoore/miniconda/envs/pacc-env-mini/bin/../lib/gcc/x86_64-conda_cos6-linux-gnu/7.3.0/include]
  ignore line: [ /blues/gpfs/home/kmoore/miniconda/envs/pacc-env-mini/bin/../lib/gcc/x86_64-conda_cos6-linux-gnu/7.3.0/include-fixed]
  ignore line: [ /blues/gpfs/home/kmoore/miniconda/envs/pacc-env-mini/bin/../lib/gcc/x86_64-conda_cos6-linux-gnu/7.3.0/../../../../x86_64-conda_cos6-linux-gnu/include]
  ignore line: [ /blues/gpfs/home/kmoore/miniconda/envs/pacc-env-mini/bin/../x86_64-conda_cos6-linux-gnu/sysroot/usr/include]
  ignore line: [End of search list.]
  ignore line: [GNU C++14 (crosstool-NG 1.23.0.449-a04d0) version 7.3.0 (x86_64-conda_cos6-linux-gnu)]
  ignore line: [	compiled by GNU C version 4.4.7 20120313 (Red Hat 4.4.7-18), GMP version 6.1.2, MPFR version 4.0.1, MPC version 1.1.0, isl version isl-0.19-GMP]
  ignore line: []
  ignore line: [GGC heuristics: --param ggc-min-expand=100 --param ggc-min-heapsize=131072]
  ignore line: [Compiler executable checksum: 2f61739646e29ad60d2358d78f3bd7b4]
  ignore line: [COMPILER_PATH=/blues/gpfs/home/kmoore/miniconda/envs/pacc-env-mini/bin/../libexec/gcc/x86_64-conda_cos6-linux-gnu/7.3.0/:/blues/gpfs/home/kmoore/miniconda/envs/pacc-env-mini/bin/../libexec/gcc/:/blues/gpfs/home/kmoore/miniconda/envs/pacc-env-mini/bin/../lib/gcc/x86_64-conda_cos6-linux-gnu/7.3.0/../../../../x86_64-conda_cos6-linux-gnu/bin/]
  ignore line: [LIBRARY_PATH=/blues/gpfs/home/kmoore/miniconda/envs/pacc-env-mini/bin/../lib/gcc/x86_64-conda_cos6-linux-gnu/7.3.0/:/blues/gpfs/home/kmoore/miniconda/envs/pacc-env-mini/bin/../lib/gcc/:/blues/gpfs/home/kmoore/miniconda/envs/pacc-env-mini/bin/../lib/gcc/x86_64-conda_cos6-linux-gnu/7.3.0/../../../../x86_64-conda_cos6-linux-gnu/lib/../lib/:/blues/gpfs/home/kmoore/miniconda/envs/pacc-env-mini/bin/../x86_64-conda_cos6-linux-gnu/sysroot/lib/../lib/:/blues/gpfs/home/kmoore/miniconda/envs/pacc-env-mini/bin/../x86_64-conda_cos6-linux-gnu/sysroot/usr/lib/../lib/:/blues/gpfs/home/kmoore/miniconda/envs/pacc-env-mini/bin/../lib/gcc/x86_64-conda_cos6-linux-gnu/7.3.0/../../../../x86_64-conda_cos6-linux-gnu/lib/:/blues/gpfs/home/kmoore/miniconda/envs/pacc-env-mini/bin/../x86_64-conda_cos6-linux-gnu/sysroot/lib/:/blues/gpfs/home/kmoore/miniconda/envs/pacc-env-mini/bin/../x86_64-conda_cos6-linux-gnu/sysroot/usr/lib/]
  ignore line: [COLLECT_GCC_OPTIONS='-fvisibility-inlines-hidden' '-std=c++1z' '-fmessage-length=0' '-march=nocona' '-mtune=haswell' '-ftree-vectorize' '-fPIC' '-fstack-protector-strong' '-fno-plt' '-O2' '-ffunction-sections' '-pipe' '-I' '/home/kmoore/miniconda/envs/pacc-env-mini/include' '-v' '-o' 'CMakeFiles/cmTC_aeb8a.dir/CMakeCXXCompilerABI.cpp.o' '-c' '-shared-libgcc']
  ignore line: [Linking CXX executable cmTC_aeb8a]
  ignore line: [/blues/gpfs/home/kmoore/miniconda/envs/pacc-env-mini/bin/cmake -E cmake_link_script CMakeFiles/cmTC_aeb8a.dir/link.txt --verbose=1]
  ignore line: [/home/kmoore/miniconda/envs/pacc-env-mini/bin/x86_64-conda_cos6-linux-gnu-c++  -fvisibility-inlines-hidden -std=c++17 -fmessage-length=0 -march=nocona -mtune=haswell -ftree-vectorize -fPIC -fstack-protector-strong -fno-plt -O2 -ffunction-sections -pipe -I/home/kmoore/miniconda/envs/pacc-env-mini/include   -Wl,-O2 -Wl,--sort-common -Wl,--as-needed -Wl,-z,relro -Wl,-z,now -Wl,--disable-new-dtags -Wl,--gc-sections -v -rdynamic CMakeFiles/cmTC_aeb8a.dir/CMakeCXXCompilerABI.cpp.o  -o cmTC_aeb8a ]
  ignore line: [Reading specs from /blues/gpfs/home/kmoore/miniconda/envs/pacc-env-mini/bin/../lib/gcc/x86_64-conda_cos6-linux-gnu/7.3.0/specs]
  ignore line: [COLLECT_GCC=/home/kmoore/miniconda/envs/pacc-env-mini/bin/x86_64-conda_cos6-linux-gnu-c++]
  ignore line: [COLLECT_LTO_WRAPPER=/blues/gpfs/home/kmoore/miniconda/envs/pacc-env-mini/bin/../libexec/gcc/x86_64-conda_cos6-linux-gnu/7.3.0/lto-wrapper]
  ignore line: [Target: x86_64-conda_cos6-linux-gnu]
  ignore line: [Configured with: /home/rdonnelly/mc/conda-bld/compilers_linux-64_1534865402226/work/.build/x86_64-conda_cos6-linux-gnu/src/gcc/configure --build=x86_64-build_pc-linux-gnu --host=x86_64-build_pc-linux-gnu --target=x86_64-conda_cos6-linux-gnu --prefix=/home/rdonnelly/mc/conda-bld/compilers_linux-64_1534865402226/work/gcc_built --with-sysroot=/home/rdonnelly/mc/conda-bld/compilers_linux-64_1534865402226/work/gcc_built/x86_64-conda_cos6-linux-gnu/sysroot --enable-languages=c,c++,fortran,objc,obj-c++ --with-pkgversion='crosstool-NG 1.23.0.449-a04d0' --enable-__cxa_atexit --disable-libmudflap --enable-libgomp --disable-libssp --enable-libquadmath --enable-libquadmath-support --enable-libsanitizer --enable-libmpx --with-gmp=/home/rdonnelly/mc/conda-bld/compilers_linux-64_1534865402226/work/.build/x86_64-conda_cos6-linux-gnu/buildtools --with-mpfr=/home/rdonnelly/mc/conda-bld/compilers_linux-64_1534865402226/work/.build/x86_64-conda_cos6-linux-gnu/buildtools --with-mpc=/home/rdonnelly/mc/conda-bld/compilers_linux-64_1534865402226/work/.build/x86_64-conda_cos6-linux-gnu/buildtools --with-isl=/home/rdonnelly/mc/conda-bld/compilers_linux-64_1534865402226/work/.build/x86_64-conda_cos6-linux-gnu/buildtools --enable-lto --enable-threads=posix --enable-target-optspace --enable-plugin --enable-gold --disable-nls --disable-multilib --with-local-prefix=/home/rdonnelly/mc/conda-bld/compilers_linux-64_1534865402226/work/gcc_built/x86_64-conda_cos6-linux-gnu/sysroot --enable-long-long --enable-default-pie]
  ignore line: [Thread model: posix]
  ignore line: [gcc version 7.3.0 (crosstool-NG 1.23.0.449-a04d0) ]
  ignore line: [COMPILER_PATH=/blues/gpfs/home/kmoore/miniconda/envs/pacc-env-mini/bin/../libexec/gcc/x86_64-conda_cos6-linux-gnu/7.3.0/:/blues/gpfs/home/kmoore/miniconda/envs/pacc-env-mini/bin/../libexec/gcc/:/blues/gpfs/home/kmoore/miniconda/envs/pacc-env-mini/bin/../lib/gcc/x86_64-conda_cos6-linux-gnu/7.3.0/../../../../x86_64-conda_cos6-linux-gnu/bin/]
  ignore line: [LIBRARY_PATH=/blues/gpfs/home/kmoore/miniconda/envs/pacc-env-mini/bin/../lib/gcc/x86_64-conda_cos6-linux-gnu/7.3.0/:/blues/gpfs/home/kmoore/miniconda/envs/pacc-env-mini/bin/../lib/gcc/:/blues/gpfs/home/kmoore/miniconda/envs/pacc-env-mini/bin/../lib/gcc/x86_64-conda_cos6-linux-gnu/7.3.0/../../../../x86_64-conda_cos6-linux-gnu/lib/../lib/:/blues/gpfs/home/kmoore/miniconda/envs/pacc-env-mini/bin/../x86_64-conda_cos6-linux-gnu/sysroot/lib/../lib/:/blues/gpfs/home/kmoore/miniconda/envs/pacc-env-mini/bin/../x86_64-conda_cos6-linux-gnu/sysroot/usr/lib/../lib/:/blues/gpfs/home/kmoore/miniconda/envs/pacc-env-mini/bin/../lib/gcc/x86_64-conda_cos6-linux-gnu/7.3.0/../../../../x86_64-conda_cos6-linux-gnu/lib/:/blues/gpfs/home/kmoore/miniconda/envs/pacc-env-mini/bin/../x86_64-conda_cos6-linux-gnu/sysroot/lib/:/blues/gpfs/home/kmoore/miniconda/envs/pacc-env-mini/bin/../x86_64-conda_cos6-linux-gnu/sysroot/usr/lib/]
  ignore line: [COLLECT_GCC_OPTIONS='-fvisibility-inlines-hidden' '-std=c++1z' '-fmessage-length=0' '-march=nocona' '-mtune=haswell' '-ftree-vectorize' '-fPIC' '-fstack-protector-strong' '-fno-plt' '-O2' '-ffunction-sections' '-pipe' '-I' '/home/kmoore/miniconda/envs/pacc-env-mini/include' '-v' '-rdynamic' '-o' 'cmTC_aeb8a' '-shared-libgcc']
  link line: [ /blues/gpfs/home/kmoore/miniconda/envs/pacc-env-mini/bin/../libexec/gcc/x86_64-conda_cos6-linux-gnu/7.3.0/collect2 -plugin /blues/gpfs/home/kmoore/miniconda/envs/pacc-env-mini/bin/../libexec/gcc/x86_64-conda_cos6-linux-gnu/7.3.0/liblto_plugin.so -plugin-opt=/blues/gpfs/home/kmoore/miniconda/envs/pacc-env-mini/bin/../libexec/gcc/x86_64-conda_cos6-linux-gnu/7.3.0/lto-wrapper -plugin-opt=-fresolution=/tmp/ccW5HR7v.res -plugin-opt=-pass-through=-lgcc_s -plugin-opt=-pass-through=-lgcc -plugin-opt=-pass-through=-lc -plugin-opt=-pass-through=-lgcc_s -plugin-opt=-pass-through=-lgcc --sysroot=/blues/gpfs/home/kmoore/miniconda/envs/pacc-env-mini/bin/../x86_64-conda_cos6-linux-gnu/sysroot --eh-frame-hdr -m elf_x86_64 -export-dynamic -dynamic-linker /lib64/ld-linux-x86-64.so.2 -pie -o cmTC_aeb8a /blues/gpfs/home/kmoore/miniconda/envs/pacc-env-mini/bin/../x86_64-conda_cos6-linux-gnu/sysroot/usr/lib/../lib/Scrt1.o /blues/gpfs/home/kmoore/miniconda/envs/pacc-env-mini/bin/../x86_64-conda_cos6-linux-gnu/sysroot/usr/lib/../lib/crti.o /blues/gpfs/home/kmoore/miniconda/envs/pacc-env-mini/bin/../lib/gcc/x86_64-conda_cos6-linux-gnu/7.3.0/crtbeginS.o -L/blues/gpfs/home/kmoore/miniconda/envs/pacc-env-mini/bin/../lib/gcc/x86_64-conda_cos6-linux-gnu/7.3.0 -L/blues/gpfs/home/kmoore/miniconda/envs/pacc-env-mini/bin/../lib/gcc -L/blues/gpfs/home/kmoore/miniconda/envs/pacc-env-mini/bin/../lib/gcc/x86_64-conda_cos6-linux-gnu/7.3.0/../../../../x86_64-conda_cos6-linux-gnu/lib/../lib -L/blues/gpfs/home/kmoore/miniconda/envs/pacc-env-mini/bin/../x86_64-conda_cos6-linux-gnu/sysroot/lib/../lib -L/blues/gpfs/home/kmoore/miniconda/envs/pacc-env-mini/bin/../x86_64-conda_cos6-linux-gnu/sysroot/usr/lib/../lib -L/blues/gpfs/home/kmoore/miniconda/envs/pacc-env-mini/bin/../lib/gcc/x86_64-conda_cos6-linux-gnu/7.3.0/../../../../x86_64-conda_cos6-linux-gnu/lib -L/blues/gpfs/home/kmoore/miniconda/envs/pacc-env-mini/bin/../x86_64-conda_cos6-linux-gnu/sysroot/lib -L/blues/gpfs/home/kmoore/miniconda/envs/pacc-env-mini/bin/../x86_64-conda_cos6-linux-gnu/sysroot/usr/lib -rpath /home/kmoore/miniconda/envs/pacc-env-mini/lib -O2 --sort-common --as-needed -z relro -z now --disable-new-dtags --gc-sections CMakeFiles/cmTC_aeb8a.dir/CMakeCXXCompilerABI.cpp.o -lstdc++ -lm -lgcc_s -lgcc -lc -lgcc_s -lgcc /blues/gpfs/home/kmoore/miniconda/envs/pacc-env-mini/bin/../lib/gcc/x86_64-conda_cos6-linux-gnu/7.3.0/crtendS.o /blues/gpfs/home/kmoore/miniconda/envs/pacc-env-mini/bin/../x86_64-conda_cos6-linux-gnu/sysroot/usr/lib/../lib/crtn.o]
    arg [/blues/gpfs/home/kmoore/miniconda/envs/pacc-env-mini/bin/../libexec/gcc/x86_64-conda_cos6-linux-gnu/7.3.0/collect2] ==> ignore
    arg [-plugin] ==> ignore
    arg [/blues/gpfs/home/kmoore/miniconda/envs/pacc-env-mini/bin/../libexec/gcc/x86_64-conda_cos6-linux-gnu/7.3.0/liblto_plugin.so] ==> ignore
    arg [-plugin-opt=/blues/gpfs/home/kmoore/miniconda/envs/pacc-env-mini/bin/../libexec/gcc/x86_64-conda_cos6-linux-gnu/7.3.0/lto-wrapper] ==> ignore
    arg [-plugin-opt=-fresolution=/tmp/ccW5HR7v.res] ==> ignore
    arg [-plugin-opt=-pass-through=-lgcc_s] ==> ignore
    arg [-plugin-opt=-pass-through=-lgcc] ==> ignore
    arg [-plugin-opt=-pass-through=-lc] ==> ignore
    arg [-plugin-opt=-pass-through=-lgcc_s] ==> ignore
    arg [-plugin-opt=-pass-through=-lgcc] ==> ignore
    arg [--sysroot=/blues/gpfs/home/kmoore/miniconda/envs/pacc-env-mini/bin/../x86_64-conda_cos6-linux-gnu/sysroot] ==> ignore
    arg [--eh-frame-hdr] ==> ignore
    arg [-m] ==> ignore
    arg [elf_x86_64] ==> ignore
    arg [-export-dynamic] ==> ignore
    arg [-dynamic-linker] ==> ignore
    arg [/lib64/ld-linux-x86-64.so.2] ==> ignore
    arg [-pie] ==> ignore
    arg [-o] ==> ignore
    arg [cmTC_aeb8a] ==> ignore
    arg [/blues/gpfs/home/kmoore/miniconda/envs/pacc-env-mini/bin/../x86_64-conda_cos6-linux-gnu/sysroot/usr/lib/../lib/Scrt1.o] ==> ignore
    arg [/blues/gpfs/home/kmoore/miniconda/envs/pacc-env-mini/bin/../x86_64-conda_cos6-linux-gnu/sysroot/usr/lib/../lib/crti.o] ==> ignore
    arg [/blues/gpfs/home/kmoore/miniconda/envs/pacc-env-mini/bin/../lib/gcc/x86_64-conda_cos6-linux-gnu/7.3.0/crtbeginS.o] ==> ignore
    arg [-L/blues/gpfs/home/kmoore/miniconda/envs/pacc-env-mini/bin/../lib/gcc/x86_64-conda_cos6-linux-gnu/7.3.0] ==> dir [/blues/gpfs/home/kmoore/miniconda/envs/pacc-env-mini/bin/../lib/gcc/x86_64-conda_cos6-linux-gnu/7.3.0]
    arg [-L/blues/gpfs/home/kmoore/miniconda/envs/pacc-env-mini/bin/../lib/gcc] ==> dir [/blues/gpfs/home/kmoore/miniconda/envs/pacc-env-mini/bin/../lib/gcc]
    arg [-L/blues/gpfs/home/kmoore/miniconda/envs/pacc-env-mini/bin/../lib/gcc/x86_64-conda_cos6-linux-gnu/7.3.0/../../../../x86_64-conda_cos6-linux-gnu/lib/../lib] ==> dir [/blues/gpfs/home/kmoore/miniconda/envs/pacc-env-mini/bin/../lib/gcc/x86_64-conda_cos6-linux-gnu/7.3.0/../../../../x86_64-conda_cos6-linux-gnu/lib/../lib]
    arg [-L/blues/gpfs/home/kmoore/miniconda/envs/pacc-env-mini/bin/../x86_64-conda_cos6-linux-gnu/sysroot/lib/../lib] ==> dir [/blues/gpfs/home/kmoore/miniconda/envs/pacc-env-mini/bin/../x86_64-conda_cos6-linux-gnu/sysroot/lib/../lib]
    arg [-L/blues/gpfs/home/kmoore/miniconda/envs/pacc-env-mini/bin/../x86_64-conda_cos6-linux-gnu/sysroot/usr/lib/../lib] ==> dir [/blues/gpfs/home/kmoore/miniconda/envs/pacc-env-mini/bin/../x86_64-conda_cos6-linux-gnu/sysroot/usr/lib/../lib]
    arg [-L/blues/gpfs/home/kmoore/miniconda/envs/pacc-env-mini/bin/../lib/gcc/x86_64-conda_cos6-linux-gnu/7.3.0/../../../../x86_64-conda_cos6-linux-gnu/lib] ==> dir [/blues/gpfs/home/kmoore/miniconda/envs/pacc-env-mini/bin/../lib/gcc/x86_64-conda_cos6-linux-gnu/7.3.0/../../../../x86_64-conda_cos6-linux-gnu/lib]
    arg [-L/blues/gpfs/home/kmoore/miniconda/envs/pacc-env-mini/bin/../x86_64-conda_cos6-linux-gnu/sysroot/lib] ==> dir [/blues/gpfs/home/kmoore/miniconda/envs/pacc-env-mini/bin/../x86_64-conda_cos6-linux-gnu/sysroot/lib]
    arg [-L/blues/gpfs/home/kmoore/miniconda/envs/pacc-env-mini/bin/../x86_64-conda_cos6-linux-gnu/sysroot/usr/lib] ==> dir [/blues/gpfs/home/kmoore/miniconda/envs/pacc-env-mini/bin/../x86_64-conda_cos6-linux-gnu/sysroot/usr/lib]
    arg [-rpath] ==> ignore
    arg [/home/kmoore/miniconda/envs/pacc-env-mini/lib] ==> ignore
    arg [-O2] ==> ignore
    arg [--sort-common] ==> ignore
    arg [--as-needed] ==> ignore
    arg [-zrelro] ==> ignore
    arg [-znow] ==> ignore
    arg [--disable-new-dtags] ==> ignore
    arg [--gc-sections] ==> ignore
    arg [CMakeFiles/cmTC_aeb8a.dir/CMakeCXXCompilerABI.cpp.o] ==> ignore
    arg [-lstdc++] ==> lib [stdc++]
    arg [-lm] ==> lib [m]
    arg [-lgcc_s] ==> lib [gcc_s]
    arg [-lgcc] ==> lib [gcc]
    arg [-lc] ==> lib [c]
    arg [-lgcc_s] ==> lib [gcc_s]
    arg [-lgcc] ==> lib [gcc]
    arg [/blues/gpfs/home/kmoore/miniconda/envs/pacc-env-mini/bin/../lib/gcc/x86_64-conda_cos6-linux-gnu/7.3.0/crtendS.o] ==> ignore
    arg [/blues/gpfs/home/kmoore/miniconda/envs/pacc-env-mini/bin/../x86_64-conda_cos6-linux-gnu/sysroot/usr/lib/../lib/crtn.o] ==> ignore
  collapse library dir [/blues/gpfs/home/kmoore/miniconda/envs/pacc-env-mini/bin/../lib/gcc/x86_64-conda_cos6-linux-gnu/7.3.0] ==> [/blues/gpfs/home/kmoore/miniconda/envs/pacc-env-mini/lib/gcc/x86_64-conda_cos6-linux-gnu/7.3.0]
  collapse library dir [/blues/gpfs/home/kmoore/miniconda/envs/pacc-env-mini/bin/../lib/gcc] ==> [/blues/gpfs/home/kmoore/miniconda/envs/pacc-env-mini/lib/gcc]
  collapse library dir [/blues/gpfs/home/kmoore/miniconda/envs/pacc-env-mini/bin/../lib/gcc/x86_64-conda_cos6-linux-gnu/7.3.0/../../../../x86_64-conda_cos6-linux-gnu/lib/../lib] ==> [/blues/gpfs/home/kmoore/miniconda/envs/pacc-env-mini/x86_64-conda_cos6-linux-gnu/lib]
  collapse library dir [/blues/gpfs/home/kmoore/miniconda/envs/pacc-env-mini/bin/../x86_64-conda_cos6-linux-gnu/sysroot/lib/../lib] ==> [/blues/gpfs/home/kmoore/miniconda/envs/pacc-env-mini/x86_64-conda_cos6-linux-gnu/sysroot/lib]
  collapse library dir [/blues/gpfs/home/kmoore/miniconda/envs/pacc-env-mini/bin/../x86_64-conda_cos6-linux-gnu/sysroot/usr/lib/../lib] ==> [/blues/gpfs/home/kmoore/miniconda/envs/pacc-env-mini/x86_64-conda_cos6-linux-gnu/sysroot/usr/lib]
  collapse library dir [/blues/gpfs/home/kmoore/miniconda/envs/pacc-env-mini/bin/../lib/gcc/x86_64-conda_cos6-linux-gnu/7.3.0/../../../../x86_64-conda_cos6-linux-gnu/lib] ==> [/blues/gpfs/home/kmoore/miniconda/envs/pacc-env-mini/x86_64-conda_cos6-linux-gnu/lib]
  collapse library dir [/blues/gpfs/home/kmoore/miniconda/envs/pacc-env-mini/bin/../x86_64-conda_cos6-linux-gnu/sysroot/lib] ==> [/blues/gpfs/home/kmoore/miniconda/envs/pacc-env-mini/x86_64-conda_cos6-linux-gnu/sysroot/lib]
  collapse library dir [/blues/gpfs/home/kmoore/miniconda/envs/pacc-env-mini/bin/../x86_64-conda_cos6-linux-gnu/sysroot/usr/lib] ==> [/blues/gpfs/home/kmoore/miniconda/envs/pacc-env-mini/x86_64-conda_cos6-linux-gnu/sysroot/usr/lib]
  implicit libs: [stdc++;m;gcc_s;gcc;c;gcc_s;gcc]
  implicit dirs: [/blues/gpfs/home/kmoore/miniconda/envs/pacc-env-mini/lib/gcc/x86_64-conda_cos6-linux-gnu/7.3.0;/blues/gpfs/home/kmoore/miniconda/envs/pacc-env-mini/lib/gcc;/blues/gpfs/home/kmoore/miniconda/envs/pacc-env-mini/x86_64-conda_cos6-linux-gnu/lib;/blues/gpfs/home/kmoore/miniconda/envs/pacc-env-mini/x86_64-conda_cos6-linux-gnu/sysroot/lib;/blues/gpfs/home/kmoore/miniconda/envs/pacc-env-mini/x86_64-conda_cos6-linux-gnu/sysroot/usr/lib]
  implicit fwks: []




Detecting CXX [-std=c++1z] compiler features compiled with the following output:
Change Dir: /lcrc/project/CMRP/pacc/VaReCoF/build/CMakeFiles/CMakeTmp

Run Build Command(s):/usr/bin/gmake cmTC_4a8d2/fast 
/usr/bin/gmake -f CMakeFiles/cmTC_4a8d2.dir/build.make CMakeFiles/cmTC_4a8d2.dir/build
gmake[1]: Entering directory `/lcrc/project/CMRP/pacc/VaReCoF/build/CMakeFiles/CMakeTmp'
Building CXX object CMakeFiles/cmTC_4a8d2.dir/feature_tests.cxx.o
/home/kmoore/miniconda/envs/pacc-env-mini/bin/x86_64-conda_cos6-linux-gnu-c++    -fvisibility-inlines-hidden -std=c++17 -fmessage-length=0 -march=nocona -mtune=haswell -ftree-vectorize -fPIC -fstack-protector-strong -fno-plt -O2 -ffunction-sections -pipe -I/home/kmoore/miniconda/envs/pacc-env-mini/include    -std=c++1z -o CMakeFiles/cmTC_4a8d2.dir/feature_tests.cxx.o -c /lcrc/project/CMRP/pacc/VaReCoF/build/CMakeFiles/feature_tests.cxx
Linking CXX executable cmTC_4a8d2
/blues/gpfs/home/kmoore/miniconda/envs/pacc-env-mini/bin/cmake -E cmake_link_script CMakeFiles/cmTC_4a8d2.dir/link.txt --verbose=1
/home/kmoore/miniconda/envs/pacc-env-mini/bin/x86_64-conda_cos6-linux-gnu-c++  -fvisibility-inlines-hidden -std=c++17 -fmessage-length=0 -march=nocona -mtune=haswell -ftree-vectorize -fPIC -fstack-protector-strong -fno-plt -O2 -ffunction-sections -pipe -I/home/kmoore/miniconda/envs/pacc-env-mini/include   -Wl,-O2 -Wl,--sort-common -Wl,--as-needed -Wl,-z,relro -Wl,-z,now -Wl,--disable-new-dtags -Wl,--gc-sections  -rdynamic CMakeFiles/cmTC_4a8d2.dir/feature_tests.cxx.o  -o cmTC_4a8d2 
gmake[1]: Leaving directory `/lcrc/project/CMRP/pacc/VaReCoF/build/CMakeFiles/CMakeTmp'


    Feature record: CXX_FEATURE:1cxx_aggregate_default_initializers
    Feature record: CXX_FEATURE:1cxx_alias_templates
    Feature record: CXX_FEATURE:1cxx_alignas
    Feature record: CXX_FEATURE:1cxx_alignof
    Feature record: CXX_FEATURE:1cxx_attributes
    Feature record: CXX_FEATURE:1cxx_attribute_deprecated
    Feature record: CXX_FEATURE:1cxx_auto_type
    Feature record: CXX_FEATURE:1cxx_binary_literals
    Feature record: CXX_FEATURE:1cxx_constexpr
    Feature record: CXX_FEATURE:1cxx_contextual_conversions
    Feature record: CXX_FEATURE:1cxx_decltype
    Feature record: CXX_FEATURE:1cxx_decltype_auto
    Feature record: CXX_FEATURE:1cxx_decltype_incomplete_return_types
    Feature record: CXX_FEATURE:1cxx_default_function_template_args
    Feature record: CXX_FEATURE:1cxx_defaulted_functions
    Feature record: CXX_FEATURE:1cxx_defaulted_move_initializers
    Feature record: CXX_FEATURE:1cxx_delegating_constructors
    Feature record: CXX_FEATURE:1cxx_deleted_functions
    Feature record: CXX_FEATURE:1cxx_digit_separators
    Feature record: CXX_FEATURE:1cxx_enum_forward_declarations
    Feature record: CXX_FEATURE:1cxx_explicit_conversions
    Feature record: CXX_FEATURE:1cxx_extended_friend_declarations
    Feature record: CXX_FEATURE:1cxx_extern_templates
    Feature record: CXX_FEATURE:1cxx_final
    Feature record: CXX_FEATURE:1cxx_func_identifier
    Feature record: CXX_FEATURE:1cxx_generalized_initializers
    Feature record: CXX_FEATURE:1cxx_generic_lambdas
    Feature record: CXX_FEATURE:1cxx_inheriting_constructors
    Feature record: CXX_FEATURE:1cxx_inline_namespaces
    Feature record: CXX_FEATURE:1cxx_lambdas
    Feature record: CXX_FEATURE:1cxx_lambda_init_captures
    Feature record: CXX_FEATURE:1cxx_local_type_template_args
    Feature record: CXX_FEATURE:1cxx_long_long_type
    Feature record: CXX_FEATURE:1cxx_noexcept
    Feature record: CXX_FEATURE:1cxx_nonstatic_member_init
    Feature record: CXX_FEATURE:1cxx_nullptr
    Feature record: CXX_FEATURE:1cxx_override
    Feature record: CXX_FEATURE:1cxx_range_for
    Feature record: CXX_FEATURE:1cxx_raw_string_literals
    Feature record: CXX_FEATURE:1cxx_reference_qualified_functions
    Feature record: CXX_FEATURE:1cxx_relaxed_constexpr
    Feature record: CXX_FEATURE:1cxx_return_type_deduction
    Feature record: CXX_FEATURE:1cxx_right_angle_brackets
    Feature record: CXX_FEATURE:1cxx_rvalue_references
    Feature record: CXX_FEATURE:1cxx_sizeof_member
    Feature record: CXX_FEATURE:1cxx_static_assert
    Feature record: CXX_FEATURE:1cxx_strong_enums
    Feature record: CXX_FEATURE:1cxx_template_template_parameters
    Feature record: CXX_FEATURE:1cxx_thread_local
    Feature record: CXX_FEATURE:1cxx_trailing_return_types
    Feature record: CXX_FEATURE:1cxx_unicode_literals
    Feature record: CXX_FEATURE:1cxx_uniform_initialization
    Feature record: CXX_FEATURE:1cxx_unrestricted_unions
    Feature record: CXX_FEATURE:1cxx_user_literals
    Feature record: CXX_FEATURE:1cxx_variable_templates
    Feature record: CXX_FEATURE:1cxx_variadic_macros
    Feature record: CXX_FEATURE:1cxx_variadic_templates


Detecting CXX [-std=c++14] compiler features compiled with the following output:
Change Dir: /lcrc/project/CMRP/pacc/VaReCoF/build/CMakeFiles/CMakeTmp

Run Build Command(s):/usr/bin/gmake cmTC_386cb/fast 
/usr/bin/gmake -f CMakeFiles/cmTC_386cb.dir/build.make CMakeFiles/cmTC_386cb.dir/build
gmake[1]: Entering directory `/lcrc/project/CMRP/pacc/VaReCoF/build/CMakeFiles/CMakeTmp'
Building CXX object CMakeFiles/cmTC_386cb.dir/feature_tests.cxx.o
/home/kmoore/miniconda/envs/pacc-env-mini/bin/x86_64-conda_cos6-linux-gnu-c++    -fvisibility-inlines-hidden -std=c++17 -fmessage-length=0 -march=nocona -mtune=haswell -ftree-vectorize -fPIC -fstack-protector-strong -fno-plt -O2 -ffunction-sections -pipe -I/home/kmoore/miniconda/envs/pacc-env-mini/include    -std=c++14 -o CMakeFiles/cmTC_386cb.dir/feature_tests.cxx.o -c /lcrc/project/CMRP/pacc/VaReCoF/build/CMakeFiles/feature_tests.cxx
Linking CXX executable cmTC_386cb
/blues/gpfs/home/kmoore/miniconda/envs/pacc-env-mini/bin/cmake -E cmake_link_script CMakeFiles/cmTC_386cb.dir/link.txt --verbose=1
/home/kmoore/miniconda/envs/pacc-env-mini/bin/x86_64-conda_cos6-linux-gnu-c++  -fvisibility-inlines-hidden -std=c++17 -fmessage-length=0 -march=nocona -mtune=haswell -ftree-vectorize -fPIC -fstack-protector-strong -fno-plt -O2 -ffunction-sections -pipe -I/home/kmoore/miniconda/envs/pacc-env-mini/include   -Wl,-O2 -Wl,--sort-common -Wl,--as-needed -Wl,-z,relro -Wl,-z,now -Wl,--disable-new-dtags -Wl,--gc-sections  -rdynamic CMakeFiles/cmTC_386cb.dir/feature_tests.cxx.o  -o cmTC_386cb 
gmake[1]: Leaving directory `/lcrc/project/CMRP/pacc/VaReCoF/build/CMakeFiles/CMakeTmp'


    Feature record: CXX_FEATURE:1cxx_aggregate_default_initializers
    Feature record: CXX_FEATURE:1cxx_alias_templates
    Feature record: CXX_FEATURE:1cxx_alignas
    Feature record: CXX_FEATURE:1cxx_alignof
    Feature record: CXX_FEATURE:1cxx_attributes
    Feature record: CXX_FEATURE:1cxx_attribute_deprecated
    Feature record: CXX_FEATURE:1cxx_auto_type
    Feature record: CXX_FEATURE:1cxx_binary_literals
    Feature record: CXX_FEATURE:1cxx_constexpr
    Feature record: CXX_FEATURE:1cxx_contextual_conversions
    Feature record: CXX_FEATURE:1cxx_decltype
    Feature record: CXX_FEATURE:1cxx_decltype_auto
    Feature record: CXX_FEATURE:1cxx_decltype_incomplete_return_types
    Feature record: CXX_FEATURE:1cxx_default_function_template_args
    Feature record: CXX_FEATURE:1cxx_defaulted_functions
    Feature record: CXX_FEATURE:1cxx_defaulted_move_initializers
    Feature record: CXX_FEATURE:1cxx_delegating_constructors
    Feature record: CXX_FEATURE:1cxx_deleted_functions
    Feature record: CXX_FEATURE:1cxx_digit_separators
    Feature record: CXX_FEATURE:1cxx_enum_forward_declarations
    Feature record: CXX_FEATURE:1cxx_explicit_conversions
    Feature record: CXX_FEATURE:1cxx_extended_friend_declarations
    Feature record: CXX_FEATURE:1cxx_extern_templates
    Feature record: CXX_FEATURE:1cxx_final
    Feature record: CXX_FEATURE:1cxx_func_identifier
    Feature record: CXX_FEATURE:1cxx_generalized_initializers
    Feature record: CXX_FEATURE:1cxx_generic_lambdas
    Feature record: CXX_FEATURE:1cxx_inheriting_constructors
    Feature record: CXX_FEATURE:1cxx_inline_namespaces
    Feature record: CXX_FEATURE:1cxx_lambdas
    Feature record: CXX_FEATURE:1cxx_lambda_init_captures
    Feature record: CXX_FEATURE:1cxx_local_type_template_args
    Feature record: CXX_FEATURE:1cxx_long_long_type
    Feature record: CXX_FEATURE:1cxx_noexcept
    Feature record: CXX_FEATURE:1cxx_nonstatic_member_init
    Feature record: CXX_FEATURE:1cxx_nullptr
    Feature record: CXX_FEATURE:1cxx_override
    Feature record: CXX_FEATURE:1cxx_range_for
    Feature record: CXX_FEATURE:1cxx_raw_string_literals
    Feature record: CXX_FEATURE:1cxx_reference_qualified_functions
    Feature record: CXX_FEATURE:1cxx_relaxed_constexpr
    Feature record: CXX_FEATURE:1cxx_return_type_deduction
    Feature record: CXX_FEATURE:1cxx_right_angle_brackets
    Feature record: CXX_FEATURE:1cxx_rvalue_references
    Feature record: CXX_FEATURE:1cxx_sizeof_member
    Feature record: CXX_FEATURE:1cxx_static_assert
    Feature record: CXX_FEATURE:1cxx_strong_enums
    Feature record: CXX_FEATURE:1cxx_template_template_parameters
    Feature record: CXX_FEATURE:1cxx_thread_local
    Feature record: CXX_FEATURE:1cxx_trailing_return_types
    Feature record: CXX_FEATURE:1cxx_unicode_literals
    Feature record: CXX_FEATURE:1cxx_uniform_initialization
    Feature record: CXX_FEATURE:1cxx_unrestricted_unions
    Feature record: CXX_FEATURE:1cxx_user_literals
    Feature record: CXX_FEATURE:1cxx_variable_templates
    Feature record: CXX_FEATURE:1cxx_variadic_macros
    Feature record: CXX_FEATURE:1cxx_variadic_templates


Detecting CXX [-std=c++11] compiler features compiled with the following output:
Change Dir: /lcrc/project/CMRP/pacc/VaReCoF/build/CMakeFiles/CMakeTmp

Run Build Command(s):/usr/bin/gmake cmTC_d392d/fast 
/usr/bin/gmake -f CMakeFiles/cmTC_d392d.dir/build.make CMakeFiles/cmTC_d392d.dir/build
gmake[1]: Entering directory `/lcrc/project/CMRP/pacc/VaReCoF/build/CMakeFiles/CMakeTmp'
Building CXX object CMakeFiles/cmTC_d392d.dir/feature_tests.cxx.o
/home/kmoore/miniconda/envs/pacc-env-mini/bin/x86_64-conda_cos6-linux-gnu-c++    -fvisibility-inlines-hidden -std=c++17 -fmessage-length=0 -march=nocona -mtune=haswell -ftree-vectorize -fPIC -fstack-protector-strong -fno-plt -O2 -ffunction-sections -pipe -I/home/kmoore/miniconda/envs/pacc-env-mini/include    -std=c++11 -o CMakeFiles/cmTC_d392d.dir/feature_tests.cxx.o -c /lcrc/project/CMRP/pacc/VaReCoF/build/CMakeFiles/feature_tests.cxx
Linking CXX executable cmTC_d392d
/blues/gpfs/home/kmoore/miniconda/envs/pacc-env-mini/bin/cmake -E cmake_link_script CMakeFiles/cmTC_d392d.dir/link.txt --verbose=1
/home/kmoore/miniconda/envs/pacc-env-mini/bin/x86_64-conda_cos6-linux-gnu-c++  -fvisibility-inlines-hidden -std=c++17 -fmessage-length=0 -march=nocona -mtune=haswell -ftree-vectorize -fPIC -fstack-protector-strong -fno-plt -O2 -ffunction-sections -pipe -I/home/kmoore/miniconda/envs/pacc-env-mini/include   -Wl,-O2 -Wl,--sort-common -Wl,--as-needed -Wl,-z,relro -Wl,-z,now -Wl,--disable-new-dtags -Wl,--gc-sections  -rdynamic CMakeFiles/cmTC_d392d.dir/feature_tests.cxx.o  -o cmTC_d392d 
gmake[1]: Leaving directory `/lcrc/project/CMRP/pacc/VaReCoF/build/CMakeFiles/CMakeTmp'


    Feature record: CXX_FEATURE:0cxx_aggregate_default_initializers
    Feature record: CXX_FEATURE:1cxx_alias_templates
    Feature record: CXX_FEATURE:1cxx_alignas
    Feature record: CXX_FEATURE:1cxx_alignof
    Feature record: CXX_FEATURE:1cxx_attributes
    Feature record: CXX_FEATURE:0cxx_attribute_deprecated
    Feature record: CXX_FEATURE:1cxx_auto_type
    Feature record: CXX_FEATURE:0cxx_binary_literals
    Feature record: CXX_FEATURE:1cxx_constexpr
    Feature record: CXX_FEATURE:0cxx_contextual_conversions
    Feature record: CXX_FEATURE:1cxx_decltype
    Feature record: CXX_FEATURE:0cxx_decltype_auto
    Feature record: CXX_FEATURE:1cxx_decltype_incomplete_return_types
    Feature record: CXX_FEATURE:1cxx_default_function_template_args
    Feature record: CXX_FEATURE:1cxx_defaulted_functions
    Feature record: CXX_FEATURE:1cxx_defaulted_move_initializers
    Feature record: CXX_FEATURE:1cxx_delegating_constructors
    Feature record: CXX_FEATURE:1cxx_deleted_functions
    Feature record: CXX_FEATURE:0cxx_digit_separators
    Feature record: CXX_FEATURE:1cxx_enum_forward_declarations
    Feature record: CXX_FEATURE:1cxx_explicit_conversions
    Feature record: CXX_FEATURE:1cxx_extended_friend_declarations
    Feature record: CXX_FEATURE:1cxx_extern_templates
    Feature record: CXX_FEATURE:1cxx_final
    Feature record: CXX_FEATURE:1cxx_func_identifier
    Feature record: CXX_FEATURE:1cxx_generalized_initializers
    Feature record: CXX_FEATURE:0cxx_generic_lambdas
    Feature record: CXX_FEATURE:1cxx_inheriting_constructors
    Feature record: CXX_FEATURE:1cxx_inline_namespaces
    Feature record: CXX_FEATURE:1cxx_lambdas
    Feature record: CXX_FEATURE:0cxx_lambda_init_captures
    Feature record: CXX_FEATURE:1cxx_local_type_template_args
    Feature record: CXX_FEATURE:1cxx_long_long_type
    Feature record: CXX_FEATURE:1cxx_noexcept
    Feature record: CXX_FEATURE:1cxx_nonstatic_member_init
    Feature record: CXX_FEATURE:1cxx_nullptr
    Feature record: CXX_FEATURE:1cxx_override
    Feature record: CXX_FEATURE:1cxx_range_for
    Feature record: CXX_FEATURE:1cxx_raw_string_literals
    Feature record: CXX_FEATURE:1cxx_reference_qualified_functions
    Feature record: CXX_FEATURE:0cxx_relaxed_constexpr
    Feature record: CXX_FEATURE:0cxx_return_type_deduction
    Feature record: CXX_FEATURE:1cxx_right_angle_brackets
    Feature record: CXX_FEATURE:1cxx_rvalue_references
    Feature record: CXX_FEATURE:1cxx_sizeof_member
    Feature record: CXX_FEATURE:1cxx_static_assert
    Feature record: CXX_FEATURE:1cxx_strong_enums
    Feature record: CXX_FEATURE:1cxx_template_template_parameters
    Feature record: CXX_FEATURE:1cxx_thread_local
    Feature record: CXX_FEATURE:1cxx_trailing_return_types
    Feature record: CXX_FEATURE:1cxx_unicode_literals
    Feature record: CXX_FEATURE:1cxx_uniform_initialization
    Feature record: CXX_FEATURE:1cxx_unrestricted_unions
    Feature record: CXX_FEATURE:1cxx_user_literals
    Feature record: CXX_FEATURE:0cxx_variable_templates
    Feature record: CXX_FEATURE:1cxx_variadic_macros
    Feature record: CXX_FEATURE:1cxx_variadic_templates


Detecting CXX [-std=c++98] compiler features compiled with the following output:
Change Dir: /lcrc/project/CMRP/pacc/VaReCoF/build/CMakeFiles/CMakeTmp

Run Build Command(s):/usr/bin/gmake cmTC_dc2eb/fast 
/usr/bin/gmake -f CMakeFiles/cmTC_dc2eb.dir/build.make CMakeFiles/cmTC_dc2eb.dir/build
gmake[1]: Entering directory `/lcrc/project/CMRP/pacc/VaReCoF/build/CMakeFiles/CMakeTmp'
Building CXX object CMakeFiles/cmTC_dc2eb.dir/feature_tests.cxx.o
/home/kmoore/miniconda/envs/pacc-env-mini/bin/x86_64-conda_cos6-linux-gnu-c++    -fvisibility-inlines-hidden -std=c++17 -fmessage-length=0 -march=nocona -mtune=haswell -ftree-vectorize -fPIC -fstack-protector-strong -fno-plt -O2 -ffunction-sections -pipe -I/home/kmoore/miniconda/envs/pacc-env-mini/include    -std=c++98 -o CMakeFiles/cmTC_dc2eb.dir/feature_tests.cxx.o -c /lcrc/project/CMRP/pacc/VaReCoF/build/CMakeFiles/feature_tests.cxx
Linking CXX executable cmTC_dc2eb
/blues/gpfs/home/kmoore/miniconda/envs/pacc-env-mini/bin/cmake -E cmake_link_script CMakeFiles/cmTC_dc2eb.dir/link.txt --verbose=1
/home/kmoore/miniconda/envs/pacc-env-mini/bin/x86_64-conda_cos6-linux-gnu-c++  -fvisibility-inlines-hidden -std=c++17 -fmessage-length=0 -march=nocona -mtune=haswell -ftree-vectorize -fPIC -fstack-protector-strong -fno-plt -O2 -ffunction-sections -pipe -I/home/kmoore/miniconda/envs/pacc-env-mini/include   -Wl,-O2 -Wl,--sort-common -Wl,--as-needed -Wl,-z,relro -Wl,-z,now -Wl,--disable-new-dtags -Wl,--gc-sections  -rdynamic CMakeFiles/cmTC_dc2eb.dir/feature_tests.cxx.o  -o cmTC_dc2eb 
gmake[1]: Leaving directory `/lcrc/project/CMRP/pacc/VaReCoF/build/CMakeFiles/CMakeTmp'


    Feature record: CXX_FEATURE:0cxx_aggregate_default_initializers
    Feature record: CXX_FEATURE:0cxx_alias_templates
    Feature record: CXX_FEATURE:0cxx_alignas
    Feature record: CXX_FEATURE:0cxx_alignof
    Feature record: CXX_FEATURE:0cxx_attributes
    Feature record: CXX_FEATURE:0cxx_attribute_deprecated
    Feature record: CXX_FEATURE:0cxx_auto_type
    Feature record: CXX_FEATURE:0cxx_binary_literals
    Feature record: CXX_FEATURE:0cxx_constexpr
    Feature record: CXX_FEATURE:0cxx_contextual_conversions
    Feature record: CXX_FEATURE:0cxx_decltype
    Feature record: CXX_FEATURE:0cxx_decltype_auto
    Feature record: CXX_FEATURE:0cxx_decltype_incomplete_return_types
    Feature record: CXX_FEATURE:0cxx_default_function_template_args
    Feature record: CXX_FEATURE:0cxx_defaulted_functions
    Feature record: CXX_FEATURE:0cxx_defaulted_move_initializers
    Feature record: CXX_FEATURE:0cxx_delegating_constructors
    Feature record: CXX_FEATURE:0cxx_deleted_functions
    Feature record: CXX_FEATURE:0cxx_digit_separators
    Feature record: CXX_FEATURE:0cxx_enum_forward_declarations
    Feature record: CXX_FEATURE:0cxx_explicit_conversions
    Feature record: CXX_FEATURE:0cxx_extended_friend_declarations
    Feature record: CXX_FEATURE:0cxx_extern_templates
    Feature record: CXX_FEATURE:0cxx_final
    Feature record: CXX_FEATURE:0cxx_func_identifier
    Feature record: CXX_FEATURE:0cxx_generalized_initializers
    Feature record: CXX_FEATURE:0cxx_generic_lambdas
    Feature record: CXX_FEATURE:0cxx_inheriting_constructors
    Feature record: CXX_FEATURE:0cxx_inline_namespaces
    Feature record: CXX_FEATURE:0cxx_lambdas
    Feature record: CXX_FEATURE:0cxx_lambda_init_captures
    Feature record: CXX_FEATURE:0cxx_local_type_template_args
    Feature record: CXX_FEATURE:0cxx_long_long_type
    Feature record: CXX_FEATURE:0cxx_noexcept
    Feature record: CXX_FEATURE:0cxx_nonstatic_member_init
    Feature record: CXX_FEATURE:0cxx_nullptr
    Feature record: CXX_FEATURE:0cxx_override
    Feature record: CXX_FEATURE:0cxx_range_for
    Feature record: CXX_FEATURE:0cxx_raw_string_literals
    Feature record: CXX_FEATURE:0cxx_reference_qualified_functions
    Feature record: CXX_FEATURE:0cxx_relaxed_constexpr
    Feature record: CXX_FEATURE:0cxx_return_type_deduction
    Feature record: CXX_FEATURE:0cxx_right_angle_brackets
    Feature record: CXX_FEATURE:0cxx_rvalue_references
    Feature record: CXX_FEATURE:0cxx_sizeof_member
    Feature record: CXX_FEATURE:0cxx_static_assert
    Feature record: CXX_FEATURE:0cxx_strong_enums
    Feature record: CXX_FEATURE:1cxx_template_template_parameters
    Feature record: CXX_FEATURE:0cxx_thread_local
    Feature record: CXX_FEATURE:0cxx_trailing_return_types
    Feature record: CXX_FEATURE:0cxx_unicode_literals
    Feature record: CXX_FEATURE:0cxx_uniform_initialization
    Feature record: CXX_FEATURE:0cxx_unrestricted_unions
    Feature record: CXX_FEATURE:0cxx_user_literals
    Feature record: CXX_FEATURE:0cxx_variable_templates
    Feature record: CXX_FEATURE:0cxx_variadic_macros
    Feature record: CXX_FEATURE:0cxx_variadic_templates
Determining if the include file pthread.h exists passed with the following output:
Change Dir: /lcrc/project/CMRP/pacc/VaReCoF/build/CMakeFiles/CMakeTmp

Run Build Command(s):/usr/bin/gmake cmTC_4036c/fast 
/usr/bin/gmake -f CMakeFiles/cmTC_4036c.dir/build.make CMakeFiles/cmTC_4036c.dir/build
gmake[1]: Entering directory `/lcrc/project/CMRP/pacc/VaReCoF/build/CMakeFiles/CMakeTmp'
Building CXX object CMakeFiles/cmTC_4036c.dir/CheckIncludeFile.cxx.o
/home/kmoore/miniconda/envs/pacc-env-mini/bin/x86_64-conda_cos6-linux-gnu-c++    -fvisibility-inlines-hidden -std=c++17 -fmessage-length=0 -march=nocona -mtune=haswell -ftree-vectorize -fPIC -fstack-protector-strong -fno-plt -O2 -ffunction-sections -pipe -I/home/kmoore/miniconda/envs/pacc-env-mini/include    -o CMakeFiles/cmTC_4036c.dir/CheckIncludeFile.cxx.o -c /lcrc/project/CMRP/pacc/VaReCoF/build/CMakeFiles/CMakeTmp/CheckIncludeFile.cxx
Linking CXX executable cmTC_4036c
/blues/gpfs/home/kmoore/miniconda/envs/pacc-env-mini/bin/cmake -E cmake_link_script CMakeFiles/cmTC_4036c.dir/link.txt --verbose=1
/home/kmoore/miniconda/envs/pacc-env-mini/bin/x86_64-conda_cos6-linux-gnu-c++  -fvisibility-inlines-hidden -std=c++17 -fmessage-length=0 -march=nocona -mtune=haswell -ftree-vectorize -fPIC -fstack-protector-strong -fno-plt -O2 -ffunction-sections -pipe -I/home/kmoore/miniconda/envs/pacc-env-mini/include   -Wl,-O2 -Wl,--sort-common -Wl,--as-needed -Wl,-z,relro -Wl,-z,now -Wl,--disable-new-dtags -Wl,--gc-sections  -rdynamic CMakeFiles/cmTC_4036c.dir/CheckIncludeFile.cxx.o  -o cmTC_4036c 
gmake[1]: Leaving directory `/lcrc/project/CMRP/pacc/VaReCoF/build/CMakeFiles/CMakeTmp'


Determining if the function pthread_create exists in the pthread passed with the following output:
Change Dir: /lcrc/project/CMRP/pacc/VaReCoF/build/CMakeFiles/CMakeTmp

Run Build Command(s):/usr/bin/gmake cmTC_6bba2/fast 
/usr/bin/gmake -f CMakeFiles/cmTC_6bba2.dir/build.make CMakeFiles/cmTC_6bba2.dir/build
gmake[1]: Entering directory `/lcrc/project/CMRP/pacc/VaReCoF/build/CMakeFiles/CMakeTmp'
Building CXX object CMakeFiles/cmTC_6bba2.dir/CheckFunctionExists.cxx.o
/home/kmoore/miniconda/envs/pacc-env-mini/bin/x86_64-conda_cos6-linux-gnu-c++    -fvisibility-inlines-hidden -std=c++17 -fmessage-length=0 -march=nocona -mtune=haswell -ftree-vectorize -fPIC -fstack-protector-strong -fno-plt -O2 -ffunction-sections -pipe -I/home/kmoore/miniconda/envs/pacc-env-mini/include -DCHECK_FUNCTION_EXISTS=pthread_create   -o CMakeFiles/cmTC_6bba2.dir/CheckFunctionExists.cxx.o -c /lcrc/project/CMRP/pacc/VaReCoF/build/CMakeFiles/CheckLibraryExists/CheckFunctionExists.cxx
Linking CXX executable cmTC_6bba2
/blues/gpfs/home/kmoore/miniconda/envs/pacc-env-mini/bin/cmake -E cmake_link_script CMakeFiles/cmTC_6bba2.dir/link.txt --verbose=1
/home/kmoore/miniconda/envs/pacc-env-mini/bin/x86_64-conda_cos6-linux-gnu-c++  -fvisibility-inlines-hidden -std=c++17 -fmessage-length=0 -march=nocona -mtune=haswell -ftree-vectorize -fPIC -fstack-protector-strong -fno-plt -O2 -ffunction-sections -pipe -I/home/kmoore/miniconda/envs/pacc-env-mini/include -DCHECK_FUNCTION_EXISTS=pthread_create  -Wl,-O2 -Wl,--sort-common -Wl,--as-needed -Wl,-z,relro -Wl,-z,now -Wl,--disable-new-dtags -Wl,--gc-sections  -rdynamic CMakeFiles/cmTC_6bba2.dir/CheckFunctionExists.cxx.o  -o cmTC_6bba2 -lpthread 
gmake[1]: Leaving directory `/lcrc/project/CMRP/pacc/VaReCoF/build/CMakeFiles/CMakeTmp'


Determining if the function sgemm_ exists passed with the following output:
Change Dir: /lcrc/project/CMRP/pacc/VaReCoF/build/CMakeFiles/CMakeTmp

Run Build Command(s):/usr/bin/gmake cmTC_1fbeb/fast 
/usr/bin/gmake -f CMakeFiles/cmTC_1fbeb.dir/build.make CMakeFiles/cmTC_1fbeb.dir/build
gmake[1]: Entering directory `/lcrc/project/CMRP/pacc/VaReCoF/build/CMakeFiles/CMakeTmp'
Building CXX object CMakeFiles/cmTC_1fbeb.dir/CheckFunctionExists.cxx.o
/home/kmoore/miniconda/envs/pacc-env-mini/bin/x86_64-conda_cos6-linux-gnu-c++    -fvisibility-inlines-hidden -std=c++17 -fmessage-length=0 -march=nocona -mtune=haswell -ftree-vectorize -fPIC -fstack-protector-strong -fno-plt -O2 -ffunction-sections -pipe -I/home/kmoore/miniconda/envs/pacc-env-mini/include -DCHECK_FUNCTION_EXISTS=sgemm_   -o CMakeFiles/cmTC_1fbeb.dir/CheckFunctionExists.cxx.o -c /lcrc/project/CMRP/pacc/VaReCoF/build/CMakeFiles/CheckFunctionExists/CheckFunctionExists.cxx
Linking CXX executable cmTC_1fbeb
/blues/gpfs/home/kmoore/miniconda/envs/pacc-env-mini/bin/cmake -E cmake_link_script CMakeFiles/cmTC_1fbeb.dir/link.txt --verbose=1
/home/kmoore/miniconda/envs/pacc-env-mini/bin/x86_64-conda_cos6-linux-gnu-c++  -fvisibility-inlines-hidden -std=c++17 -fmessage-length=0 -march=nocona -mtune=haswell -ftree-vectorize -fPIC -fstack-protector-strong -fno-plt -O2 -ffunction-sections -pipe -I/home/kmoore/miniconda/envs/pacc-env-mini/include -DCHECK_FUNCTION_EXISTS=sgemm_  -Wl,-O2 -Wl,--sort-common -Wl,--as-needed -Wl,-z,relro -Wl,-z,now -Wl,--disable-new-dtags -Wl,--gc-sections  -rdynamic CMakeFiles/cmTC_1fbeb.dir/CheckFunctionExists.cxx.o  -o cmTC_1fbeb  -L/blues/gpfs/home/kmoore/miniconda/envs/pacc-env-mini/lib -Wl,-rpath,/blues/gpfs/home/kmoore/miniconda/envs/pacc-env-mini/lib -lmkl_intel_lp64 -lmkl_intel_thread -lmkl_core /blues/gpfs/home/kmoore/miniconda/envs/pacc-env-mini/lib/libiomp5.so -lpthread -lm -ldl 
gmake[1]: Leaving directory `/lcrc/project/CMRP/pacc/VaReCoF/build/CMakeFiles/CMakeTmp'


Determining if the function cheev_ exists passed with the following output:
Change Dir: /lcrc/project/CMRP/pacc/VaReCoF/build/CMakeFiles/CMakeTmp

Run Build Command(s):/usr/bin/gmake cmTC_6c088/fast 
/usr/bin/gmake -f CMakeFiles/cmTC_6c088.dir/build.make CMakeFiles/cmTC_6c088.dir/build
gmake[1]: Entering directory `/lcrc/project/CMRP/pacc/VaReCoF/build/CMakeFiles/CMakeTmp'
Building CXX object CMakeFiles/cmTC_6c088.dir/CheckFunctionExists.cxx.o
/home/kmoore/miniconda/envs/pacc-env-mini/bin/x86_64-conda_cos6-linux-gnu-c++    -fvisibility-inlines-hidden -std=c++17 -fmessage-length=0 -march=nocona -mtune=haswell -ftree-vectorize -fPIC -fstack-protector-strong -fno-plt -O2 -ffunction-sections -pipe -I/home/kmoore/miniconda/envs/pacc-env-mini/include -DCHECK_FUNCTION_EXISTS=cheev_   -o CMakeFiles/cmTC_6c088.dir/CheckFunctionExists.cxx.o -c /lcrc/project/CMRP/pacc/VaReCoF/build/CMakeFiles/CheckFunctionExists/CheckFunctionExists.cxx
Linking CXX executable cmTC_6c088
/blues/gpfs/home/kmoore/miniconda/envs/pacc-env-mini/bin/cmake -E cmake_link_script CMakeFiles/cmTC_6c088.dir/link.txt --verbose=1
/home/kmoore/miniconda/envs/pacc-env-mini/bin/x86_64-conda_cos6-linux-gnu-c++  -fvisibility-inlines-hidden -std=c++17 -fmessage-length=0 -march=nocona -mtune=haswell -ftree-vectorize -fPIC -fstack-protector-strong -fno-plt -O2 -ffunction-sections -pipe -I/home/kmoore/miniconda/envs/pacc-env-mini/include -DCHECK_FUNCTION_EXISTS=cheev_  -Wl,-O2 -Wl,--sort-common -Wl,--as-needed -Wl,-z,relro -Wl,-z,now -Wl,--disable-new-dtags -Wl,--gc-sections  -rdynamic CMakeFiles/cmTC_6c088.dir/CheckFunctionExists.cxx.o  -o cmTC_6c088  -L/blues/gpfs/home/kmoore/miniconda/envs/pacc-env-mini/lib -Wl,-rpath,/blues/gpfs/home/kmoore/miniconda/envs/pacc-env-mini/lib -lmkl_intel_lp64 -lmkl_intel_thread -lmkl_core /blues/gpfs/home/kmoore/miniconda/envs/pacc-env-mini/lib/libiomp5.so -lpthread -lm -ldl 
gmake[1]: Leaving directory `/lcrc/project/CMRP/pacc/VaReCoF/build/CMakeFiles/CMakeTmp'


